{"/Users/family/dev/lung-tracker-mobile/src/app.tsx": {"path":"/Users/family/dev/lung-tracker-mobile/src/app.tsx","statementMap":{"0":{"start":{"line":5,"column":2},"end":{"line":9,"column":4}}},"fnMap":{"0":{"name":"App","decl":{"start":{"line":4,"column":24},"end":{"line":4,"column":27}},"loc":{"start":{"line":4,"column":30},"end":{"line":10,"column":1}},"line":4}},"branchMap":{},"s":{"0":0},"f":{"0":0},"b":{}}
,"/Users/family/dev/lung-tracker-mobile/src/email/resend.ts": {"path":"/Users/family/dev/lung-tracker-mobile/src/email/resend.ts","statementMap":{"0":{"start":{"line":4,"column":15},"end":{"line":4,"column":48}},"1":{"start":{"line":11,"column":37},"end":{"line":11,"column":43}},"2":{"start":{"line":13,"column":2},"end":{"line":22,"column":5}}},"fnMap":{"0":{"name":"sendReportLinkEmail","decl":{"start":{"line":6,"column":22},"end":{"line":6,"column":41}},"loc":{"start":{"line":10,"column":3},"end":{"line":23,"column":1}},"line":10}},"branchMap":{},"s":{"0":0,"1":0,"2":0},"f":{"0":0},"b":{}}
,"/Users/family/dev/lung-tracker-mobile/src/hooks/useActivities.ts": {"path":"/Users/family/dev/lung-tracker-mobile/src/hooks/useActivities.ts","statementMap":{"0":{"start":{"line":5,"column":13},"end":{"line":9,"column":1}},"1":{"start":{"line":7,"column":27},"end":{"line":7,"column":65}},"2":{"start":{"line":8,"column":29},"end":{"line":8,"column":77}},"3":{"start":{"line":12,"column":2},"end":{"line":15,"column":5}},"4":{"start":{"line":14,"column":19},"end":{"line":14,"column":40}},"5":{"start":{"line":19,"column":2},"end":{"line":22,"column":5}},"6":{"start":{"line":21,"column":19},"end":{"line":21,"column":42}},"7":{"start":{"line":26,"column":13},"end":{"line":26,"column":29}},"8":{"start":{"line":28,"column":2},"end":{"line":33,"column":5}},"9":{"start":{"line":29,"column":48},"end":{"line":29,"column":69}},"10":{"start":{"line":31,"column":6},"end":{"line":31,"column":57}}},"fnMap":{"0":{"name":"(anonymous_0)","decl":{"start":{"line":7,"column":8},"end":{"line":7,"column":9}},"loc":{"start":{"line":7,"column":27},"end":{"line":7,"column":65}},"line":7},"1":{"name":"(anonymous_1)","decl":{"start":{"line":8,"column":10},"end":{"line":8,"column":11}},"loc":{"start":{"line":8,"column":29},"end":{"line":8,"column":77}},"line":8},"2":{"name":"useActivitiesList","decl":{"start":{"line":11,"column":16},"end":{"line":11,"column":33}},"loc":{"start":{"line":11,"column":46},"end":{"line":16,"column":1}},"line":11},"3":{"name":"(anonymous_3)","decl":{"start":{"line":14,"column":13},"end":{"line":14,"column":14}},"loc":{"start":{"line":14,"column":19},"end":{"line":14,"column":40}},"line":14},"4":{"name":"useLatestActivity","decl":{"start":{"line":18,"column":16},"end":{"line":18,"column":33}},"loc":{"start":{"line":18,"column":49},"end":{"line":23,"column":1}},"line":18},"5":{"name":"(anonymous_5)","decl":{"start":{"line":21,"column":13},"end":{"line":21,"column":14}},"loc":{"start":{"line":21,"column":19},"end":{"line":21,"column":42}},"line":21},"6":{"name":"useCreateActivity","decl":{"start":{"line":25,"column":16},"end":{"line":25,"column":33}},"loc":{"start":{"line":25,"column":36},"end":{"line":34,"column":1}},"line":25},"7":{"name":"(anonymous_7)","decl":{"start":{"line":29,"column":16},"end":{"line":29,"column":17}},"loc":{"start":{"line":29,"column":48},"end":{"line":29,"column":69}},"line":29},"8":{"name":"(anonymous_8)","decl":{"start":{"line":30,"column":15},"end":{"line":30,"column":16}},"loc":{"start":{"line":30,"column":27},"end":{"line":32,"column":5}},"line":30}},"branchMap":{"0":{"loc":{"start":{"line":8,"column":54},"end":{"line":8,"column":67}},"type":"binary-expr","locations":[{"start":{"line":8,"column":54},"end":{"line":8,"column":58}},{"start":{"line":8,"column":62},"end":{"line":8,"column":67}}],"line":8},"1":{"loc":{"start":{"line":11,"column":34},"end":{"line":11,"column":44}},"type":"default-arg","locations":[{"start":{"line":11,"column":42},"end":{"line":11,"column":44}}],"line":11}},"s":{"0":0,"1":0,"2":0,"3":0,"4":0,"5":0,"6":0,"7":0,"8":0,"9":0,"10":0},"f":{"0":0,"1":0,"2":0,"3":0,"4":0,"5":0,"6":0,"7":0,"8":0},"b":{"0":[0,0],"1":[0]}}
,"/Users/family/dev/lung-tracker-mobile/src/hooks/useAuth.ts": {"path":"/Users/family/dev/lung-tracker-mobile/src/hooks/useAuth.ts","statementMap":{"0":{"start":{"line":6,"column":32},"end":{"line":6,"column":62}},"1":{"start":{"line":7,"column":36},"end":{"line":7,"column":50}},"2":{"start":{"line":11,"column":2},"end":{"line":30,"column":9}},"3":{"start":{"line":12,"column":18},"end":{"line":12,"column":22}},"4":{"start":{"line":14,"column":4},"end":{"line":20,"column":7}},"5":{"start":{"line":15,"column":6},"end":{"line":15,"column":27}},"6":{"start":{"line":15,"column":20},"end":{"line":15,"column":27}},"7":{"start":{"line":16,"column":6},"end":{"line":16,"column":60}},"8":{"start":{"line":16,"column":17},"end":{"line":16,"column":60}},"9":{"start":{"line":17,"column":6},"end":{"line":17,"column":39}},"10":{"start":{"line":18,"column":6},"end":{"line":18,"column":26}},"11":{"start":{"line":22,"column":26},"end":{"line":24,"column":6}},"12":{"start":{"line":23,"column":6},"end":{"line":23,"column":29}},"13":{"start":{"line":26,"column":4},"end":{"line":29,"column":6}},"14":{"start":{"line":27,"column":6},"end":{"line":27,"column":22}},"15":{"start":{"line":28,"column":6},"end":{"line":28,"column":37}},"16":{"start":{"line":32,"column":2},"end":{"line":37,"column":4}}},"fnMap":{"0":{"name":"useAuth","decl":{"start":{"line":5,"column":16},"end":{"line":5,"column":23}},"loc":{"start":{"line":5,"column":26},"end":{"line":38,"column":1}},"line":5},"1":{"name":"(anonymous_1)","decl":{"start":{"line":11,"column":12},"end":{"line":11,"column":13}},"loc":{"start":{"line":11,"column":18},"end":{"line":30,"column":3}},"line":11},"2":{"name":"(anonymous_2)","decl":{"start":{"line":14,"column":36},"end":{"line":14,"column":37}},"loc":{"start":{"line":14,"column":57},"end":{"line":20,"column":5}},"line":14},"3":{"name":"(anonymous_3)","decl":{"start":{"line":22,"column":58},"end":{"line":22,"column":59}},"loc":{"start":{"line":22,"column":82},"end":{"line":24,"column":5}},"line":22},"4":{"name":"(anonymous_4)","decl":{"start":{"line":26,"column":11},"end":{"line":26,"column":12}},"loc":{"start":{"line":26,"column":17},"end":{"line":29,"column":5}},"line":26}},"branchMap":{"0":{"loc":{"start":{"line":15,"column":6},"end":{"line":15,"column":27}},"type":"if","locations":[{"start":{"line":15,"column":6},"end":{"line":15,"column":27}},{"start":{},"end":{}}],"line":15},"1":{"loc":{"start":{"line":16,"column":6},"end":{"line":16,"column":60}},"type":"if","locations":[{"start":{"line":16,"column":6},"end":{"line":16,"column":60}},{"start":{},"end":{}}],"line":16},"2":{"loc":{"start":{"line":17,"column":17},"end":{"line":17,"column":37}},"type":"binary-expr","locations":[{"start":{"line":17,"column":17},"end":{"line":17,"column":29}},{"start":{"line":17,"column":33},"end":{"line":17,"column":37}}],"line":17},"3":{"loc":{"start":{"line":34,"column":10},"end":{"line":34,"column":31}},"type":"binary-expr","locations":[{"start":{"line":34,"column":10},"end":{"line":34,"column":23}},{"start":{"line":34,"column":27},"end":{"line":34,"column":31}}],"line":34}},"s":{"0":14,"1":14,"2":14,"3":6,"4":6,"5":6,"6":0,"7":6,"8":1,"9":6,"10":6,"11":6,"12":2,"13":6,"14":6,"15":6,"16":14},"f":{"0":14,"1":6,"2":6,"3":2,"4":6},"b":{"0":[0,6],"1":[1,5],"2":[6,4],"3":[14,11]},"_coverageSchema":"1a1c01bbd47fc00a2c39e90264f33305004495a9","hash":"0dfa1e54f9d45067d759dad8e9fb9627e9c36134"}
,"/Users/family/dev/lung-tracker-mobile/src/hooks/useEvents.ts": {"path":"/Users/family/dev/lung-tracker-mobile/src/hooks/useEvents.ts","statementMap":{"0":{"start":{"line":5,"column":13},"end":{"line":9,"column":1}},"1":{"start":{"line":7,"column":27},"end":{"line":7,"column":61}},"2":{"start":{"line":12,"column":2},"end":{"line":15,"column":5}},"3":{"start":{"line":14,"column":19},"end":{"line":14,"column":36}},"4":{"start":{"line":19,"column":2},"end":{"line":22,"column":5}},"5":{"start":{"line":21,"column":19},"end":{"line":21,"column":35}},"6":{"start":{"line":26,"column":13},"end":{"line":26,"column":29}},"7":{"start":{"line":28,"column":2},"end":{"line":33,"column":5}},"8":{"start":{"line":29,"column":45},"end":{"line":29,"column":63}},"9":{"start":{"line":31,"column":6},"end":{"line":31,"column":57}}},"fnMap":{"0":{"name":"(anonymous_0)","decl":{"start":{"line":7,"column":8},"end":{"line":7,"column":9}},"loc":{"start":{"line":7,"column":27},"end":{"line":7,"column":61}},"line":7},"1":{"name":"useEventsList","decl":{"start":{"line":11,"column":16},"end":{"line":11,"column":29}},"loc":{"start":{"line":11,"column":42},"end":{"line":16,"column":1}},"line":11},"2":{"name":"(anonymous_2)","decl":{"start":{"line":14,"column":13},"end":{"line":14,"column":14}},"loc":{"start":{"line":14,"column":19},"end":{"line":14,"column":36}},"line":14},"3":{"name":"useLatestEvent","decl":{"start":{"line":18,"column":16},"end":{"line":18,"column":30}},"loc":{"start":{"line":18,"column":33},"end":{"line":23,"column":1}},"line":18},"4":{"name":"(anonymous_4)","decl":{"start":{"line":21,"column":13},"end":{"line":21,"column":14}},"loc":{"start":{"line":21,"column":19},"end":{"line":21,"column":35}},"line":21},"5":{"name":"useCreateEvent","decl":{"start":{"line":25,"column":16},"end":{"line":25,"column":30}},"loc":{"start":{"line":25,"column":33},"end":{"line":34,"column":1}},"line":25},"6":{"name":"(anonymous_6)","decl":{"start":{"line":29,"column":16},"end":{"line":29,"column":17}},"loc":{"start":{"line":29,"column":45},"end":{"line":29,"column":63}},"line":29},"7":{"name":"(anonymous_7)","decl":{"start":{"line":30,"column":15},"end":{"line":30,"column":16}},"loc":{"start":{"line":30,"column":27},"end":{"line":32,"column":5}},"line":30}},"branchMap":{"0":{"loc":{"start":{"line":11,"column":30},"end":{"line":11,"column":40}},"type":"default-arg","locations":[{"start":{"line":11,"column":38},"end":{"line":11,"column":40}}],"line":11}},"s":{"0":0,"1":0,"2":0,"3":0,"4":0,"5":0,"6":0,"7":0,"8":0,"9":0},"f":{"0":0,"1":0,"2":0,"3":0,"4":0,"5":0,"6":0,"7":0},"b":{"0":[0]}}
,"/Users/family/dev/lung-tracker-mobile/src/hooks/useVitals.ts": {"path":"/Users/family/dev/lung-tracker-mobile/src/hooks/useVitals.ts","statementMap":{"0":{"start":{"line":5,"column":13},"end":{"line":9,"column":1}},"1":{"start":{"line":7,"column":27},"end":{"line":7,"column":61}},"2":{"start":{"line":12,"column":2},"end":{"line":15,"column":5}},"3":{"start":{"line":14,"column":19},"end":{"line":14,"column":43}},"4":{"start":{"line":19,"column":2},"end":{"line":22,"column":5}},"5":{"start":{"line":21,"column":19},"end":{"line":21,"column":41}},"6":{"start":{"line":26,"column":13},"end":{"line":26,"column":29}},"7":{"start":{"line":28,"column":2},"end":{"line":34,"column":5}},"8":{"start":{"line":29,"column":51},"end":{"line":29,"column":75}},"9":{"start":{"line":32,"column":6},"end":{"line":32,"column":57}}},"fnMap":{"0":{"name":"(anonymous_0)","decl":{"start":{"line":7,"column":8},"end":{"line":7,"column":9}},"loc":{"start":{"line":7,"column":27},"end":{"line":7,"column":61}},"line":7},"1":{"name":"useVitalsList","decl":{"start":{"line":11,"column":16},"end":{"line":11,"column":29}},"loc":{"start":{"line":11,"column":42},"end":{"line":16,"column":1}},"line":11},"2":{"name":"(anonymous_2)","decl":{"start":{"line":14,"column":13},"end":{"line":14,"column":14}},"loc":{"start":{"line":14,"column":19},"end":{"line":14,"column":43}},"line":14},"3":{"name":"useLatestVitals","decl":{"start":{"line":18,"column":16},"end":{"line":18,"column":31}},"loc":{"start":{"line":18,"column":34},"end":{"line":23,"column":1}},"line":18},"4":{"name":"(anonymous_4)","decl":{"start":{"line":21,"column":13},"end":{"line":21,"column":14}},"loc":{"start":{"line":21,"column":19},"end":{"line":21,"column":41}},"line":21},"5":{"name":"useCreateVitals","decl":{"start":{"line":25,"column":16},"end":{"line":25,"column":31}},"loc":{"start":{"line":25,"column":34},"end":{"line":35,"column":1}},"line":25},"6":{"name":"(anonymous_6)","decl":{"start":{"line":29,"column":16},"end":{"line":29,"column":17}},"loc":{"start":{"line":29,"column":51},"end":{"line":29,"column":75}},"line":29},"7":{"name":"(anonymous_7)","decl":{"start":{"line":30,"column":15},"end":{"line":30,"column":16}},"loc":{"start":{"line":30,"column":27},"end":{"line":33,"column":5}},"line":30}},"branchMap":{"0":{"loc":{"start":{"line":11,"column":30},"end":{"line":11,"column":40}},"type":"default-arg","locations":[{"start":{"line":11,"column":38},"end":{"line":11,"column":40}}],"line":11}},"s":{"0":0,"1":0,"2":0,"3":0,"4":0,"5":0,"6":0,"7":0,"8":0,"9":0},"f":{"0":0,"1":0,"2":0,"3":0,"4":0,"5":0,"6":0,"7":0},"b":{"0":[0]}}
,"/Users/family/dev/lung-tracker-mobile/src/models/activity.ts": {"path":"/Users/family/dev/lung-tracker-mobile/src/models/activity.ts","statementMap":{},"fnMap":{},"branchMap":{},"s":{},"f":{},"b":{}}
,"/Users/family/dev/lung-tracker-mobile/src/models/event.ts": {"path":"/Users/family/dev/lung-tracker-mobile/src/models/event.ts","statementMap":{},"fnMap":{},"branchMap":{},"s":{},"f":{},"b":{}}
,"/Users/family/dev/lung-tracker-mobile/src/models/vitals.ts": {"path":"/Users/family/dev/lung-tracker-mobile/src/models/vitals.ts","statementMap":{},"fnMap":{},"branchMap":{},"s":{},"f":{},"b":{}}
,"/Users/family/dev/lung-tracker-mobile/src/navigation/AppTabs.tsx": {"path":"/Users/family/dev/lung-tracker-mobile/src/navigation/AppTabs.tsx","statementMap":{"0":{"start":{"line":21,"column":12},"end":{"line":21,"column":55}},"1":{"start":{"line":25,"column":2},"end":{"line":75,"column":4}},"2":{"start":{"line":27,"column":37},"end":{"line":67,"column":7}},"3":{"start":{"line":48,"column":12},"end":{"line":56,"column":30}},"4":{"start":{"line":58,"column":10},"end":{"line":65,"column":12}}},"fnMap":{"0":{"name":"AppTabs","decl":{"start":{"line":24,"column":24},"end":{"line":24,"column":31}},"loc":{"start":{"line":24,"column":34},"end":{"line":76,"column":1}},"line":24},"1":{"name":"(anonymous_1)","decl":{"start":{"line":27,"column":21},"end":{"line":27,"column":22}},"loc":{"start":{"line":27,"column":37},"end":{"line":67,"column":7}},"line":27},"2":{"name":"(anonymous_2)","decl":{"start":{"line":46,"column":20},"end":{"line":46,"column":21}},"loc":{"start":{"line":46,"column":35},"end":{"line":66,"column":9}},"line":46}},"branchMap":{"0":{"loc":{"start":{"line":48,"column":12},"end":{"line":56,"column":30}},"type":"cond-expr","locations":[{"start":{"line":49,"column":16},"end":{"line":49,"column":31}},{"start":{"line":50,"column":16},"end":{"line":56,"column":30}}],"line":48},"1":{"loc":{"start":{"line":50,"column":16},"end":{"line":56,"column":30}},"type":"cond-expr","locations":[{"start":{"line":51,"column":16},"end":{"line":51,"column":28}},{"start":{"line":52,"column":16},"end":{"line":56,"column":30}}],"line":50},"2":{"loc":{"start":{"line":52,"column":16},"end":{"line":56,"column":30}},"type":"cond-expr","locations":[{"start":{"line":53,"column":16},"end":{"line":53,"column":29}},{"start":{"line":54,"column":16},"end":{"line":56,"column":30}}],"line":52},"3":{"loc":{"start":{"line":54,"column":16},"end":{"line":56,"column":30}},"type":"cond-expr","locations":[{"start":{"line":55,"column":16},"end":{"line":55,"column":28}},{"start":{"line":56,"column":16},"end":{"line":56,"column":30}}],"line":54}},"s":{"0":0,"1":0,"2":0,"3":0,"4":0},"f":{"0":0,"1":0,"2":0},"b":{"0":[0,0],"1":[0,0],"2":[0,0],"3":[0,0]}}
,"/Users/family/dev/lung-tracker-mobile/src/navigation/AuthStack.tsx": {"path":"/Users/family/dev/lung-tracker-mobile/src/navigation/AuthStack.tsx","statementMap":{"0":{"start":{"line":10,"column":14},"end":{"line":10,"column":62}},"1":{"start":{"line":13,"column":2},"end":{"line":18,"column":4}}},"fnMap":{"0":{"name":"AuthStack","decl":{"start":{"line":12,"column":24},"end":{"line":12,"column":33}},"loc":{"start":{"line":12,"column":36},"end":{"line":19,"column":1}},"line":12}},"branchMap":{},"s":{"0":0,"1":0},"f":{"0":0},"b":{}}
,"/Users/family/dev/lung-tracker-mobile/src/navigation/RootNavigator.tsx": {"path":"/Users/family/dev/lung-tracker-mobile/src/navigation/RootNavigator.tsx","statementMap":{"0":{"start":{"line":19,"column":14},"end":{"line":19,"column":62}},"1":{"start":{"line":29,"column":34},"end":{"line":29,"column":43}},"2":{"start":{"line":31,"column":2},"end":{"line":37,"column":3}},"3":{"start":{"line":32,"column":4},"end":{"line":36,"column":6}},"4":{"start":{"line":39,"column":2},"end":{"line":41,"column":3}},"5":{"start":{"line":40,"column":4},"end":{"line":40,"column":25}},"6":{"start":{"line":43,"column":2},"end":{"line":69,"column":4}}},"fnMap":{"0":{"name":"RootNavigator","decl":{"start":{"line":28,"column":24},"end":{"line":28,"column":37}},"loc":{"start":{"line":28,"column":40},"end":{"line":70,"column":1}},"line":28}},"branchMap":{"0":{"loc":{"start":{"line":31,"column":2},"end":{"line":37,"column":3}},"type":"if","locations":[{"start":{"line":31,"column":2},"end":{"line":37,"column":3}},{"start":{},"end":{}}],"line":31},"1":{"loc":{"start":{"line":39,"column":2},"end":{"line":41,"column":3}},"type":"if","locations":[{"start":{"line":39,"column":2},"end":{"line":41,"column":3}},{"start":{},"end":{}}],"line":39}},"s":{"0":0,"1":0,"2":0,"3":0,"4":0,"5":0,"6":0},"f":{"0":0},"b":{"0":[0,0],"1":[0,0]}}
,"/Users/family/dev/lung-tracker-mobile/src/reporting/pdf.ts": {"path":"/Users/family/dev/lung-tracker-mobile/src/reporting/pdf.ts","statementMap":{"0":{"start":{"line":4,"column":18},"end":{"line":6,"column":4}},"1":{"start":{"line":8,"column":2},"end":{"line":21,"column":3}},"2":{"start":{"line":9,"column":17},"end":{"line":9,"column":40}},"3":{"start":{"line":10,"column":4},"end":{"line":10,"column":63}},"4":{"start":{"line":12,"column":16},"end":{"line":16,"column":6}},"5":{"start":{"line":18,"column":4},"end":{"line":18,"column":28}},"6":{"start":{"line":20,"column":4},"end":{"line":20,"column":26}}},"fnMap":{"0":{"name":"htmlToPdfBuffer","decl":{"start":{"line":3,"column":22},"end":{"line":3,"column":37}},"loc":{"start":{"line":3,"column":52},"end":{"line":22,"column":1}},"line":3}},"branchMap":{},"s":{"0":0,"1":0,"2":0,"3":0,"4":0,"5":0,"6":0},"f":{"0":0},"b":{}}
,"/Users/family/dev/lung-tracker-mobile/src/reporting/reportData.ts": {"path":"/Users/family/dev/lung-tracker-mobile/src/reporting/reportData.ts","statementMap":{"0":{"start":{"line":9,"column":43},"end":{"line":9,"column":49}},"1":{"start":{"line":11,"column":17},"end":{"line":17,"column":46}},"2":{"start":{"line":19,"column":21},"end":{"line":25,"column":47}},"3":{"start":{"line":27,"column":17},"end":{"line":33,"column":43}},"4":{"start":{"line":35,"column":2},"end":{"line":35,"column":39}},"5":{"start":{"line":35,"column":20},"end":{"line":35,"column":39}},"6":{"start":{"line":36,"column":2},"end":{"line":36,"column":47}},"7":{"start":{"line":36,"column":24},"end":{"line":36,"column":47}},"8":{"start":{"line":37,"column":2},"end":{"line":37,"column":39}},"9":{"start":{"line":37,"column":20},"end":{"line":37,"column":39}},"10":{"start":{"line":39,"column":21},"end":{"line":39,"column":38}},"11":{"start":{"line":40,"column":25},"end":{"line":40,"column":46}},"12":{"start":{"line":41,"column":21},"end":{"line":41,"column":38}},"13":{"start":{"line":43,"column":18},"end":{"line":47,"column":4}},"14":{"start":{"line":49,"column":2},"end":{"line":54,"column":4}}},"fnMap":{"0":{"name":"fetchReportData","decl":{"start":{"line":4,"column":22},"end":{"line":4,"column":37}},"loc":{"start":{"line":8,"column":3},"end":{"line":55,"column":1}},"line":8}},"branchMap":{"0":{"loc":{"start":{"line":35,"column":2},"end":{"line":35,"column":39}},"type":"if","locations":[{"start":{"line":35,"column":2},"end":{"line":35,"column":39}},{"start":{},"end":{}}],"line":35},"1":{"loc":{"start":{"line":36,"column":2},"end":{"line":36,"column":47}},"type":"if","locations":[{"start":{"line":36,"column":2},"end":{"line":36,"column":47}},{"start":{},"end":{}}],"line":36},"2":{"loc":{"start":{"line":37,"column":2},"end":{"line":37,"column":39}},"type":"if","locations":[{"start":{"line":37,"column":2},"end":{"line":37,"column":39}},{"start":{},"end":{}}],"line":37},"3":{"loc":{"start":{"line":39,"column":21},"end":{"line":39,"column":38}},"type":"binary-expr","locations":[{"start":{"line":39,"column":21},"end":{"line":39,"column":32}},{"start":{"line":39,"column":36},"end":{"line":39,"column":38}}],"line":39},"4":{"loc":{"start":{"line":40,"column":25},"end":{"line":40,"column":46}},"type":"binary-expr","locations":[{"start":{"line":40,"column":25},"end":{"line":40,"column":40}},{"start":{"line":40,"column":44},"end":{"line":40,"column":46}}],"line":40},"5":{"loc":{"start":{"line":41,"column":21},"end":{"line":41,"column":38}},"type":"binary-expr","locations":[{"start":{"line":41,"column":21},"end":{"line":41,"column":32}},{"start":{"line":41,"column":36},"end":{"line":41,"column":38}}],"line":41}},"s":{"0":0,"1":0,"2":0,"3":0,"4":0,"5":0,"6":0,"7":0,"8":0,"9":0,"10":0,"11":0,"12":0,"13":0,"14":0},"f":{"0":0},"b":{"0":[0,0],"1":[0,0],"2":[0,0],"3":[0,0],"4":[0,0],"5":[0,0]}}
,"/Users/family/dev/lung-tracker-mobile/src/reporting/reportTemplate.ts": {"path":"/Users/family/dev/lung-tracker-mobile/src/reporting/reportTemplate.ts","statementMap":{"0":{"start":{"line":12,"column":72},"end":{"line":12,"column":77}},"1":{"start":{"line":14,"column":15},"end":{"line":22,"column":15}},"2":{"start":{"line":15,"column":4},"end":{"line":22,"column":15}},"3":{"start":{"line":18,"column":10},"end":{"line":20,"column":28}},"4":{"start":{"line":19,"column":24},"end":{"line":19,"column":71}},"5":{"start":{"line":24,"column":21},"end":{"line":29,"column":3}},"6":{"start":{"line":25,"column":4},"end":{"line":25,"column":31}},"7":{"start":{"line":25,"column":20},"end":{"line":25,"column":31}},"8":{"start":{"line":26,"column":4},"end":{"line":26,"column":33}},"9":{"start":{"line":26,"column":22},"end":{"line":26,"column":33}},"10":{"start":{"line":27,"column":4},"end":{"line":27,"column":33}},"11":{"start":{"line":27,"column":22},"end":{"line":27,"column":33}},"12":{"start":{"line":28,"column":4},"end":{"line":28,"column":15}},"13":{"start":{"line":31,"column":15},"end":{"line":31,"column":29}},"14":{"start":{"line":32,"column":14},"end":{"line":32,"column":31}},"15":{"start":{"line":34,"column":20},"end":{"line":38,"column":4}},"16":{"start":{"line":40,"column":19},"end":{"line":44,"column":4}},"17":{"start":{"line":46,"column":2},"end":{"line":220,"column":2}},"18":{"start":{"line":235,"column":14},"end":{"line":235,"column":65}},"19":{"start":{"line":236,"column":16},"end":{"line":236,"column":40}},"20":{"start":{"line":237,"column":16},"end":{"line":237,"column":106}},"21":{"start":{"line":238,"column":15},"end":{"line":238,"column":78}},"22":{"start":{"line":239,"column":16},"end":{"line":239,"column":82}},"23":{"start":{"line":241,"column":2},"end":{"line":251,"column":9}},"24":{"start":{"line":255,"column":2},"end":{"line":260,"column":31}}},"fnMap":{"0":{"name":"renderReportHtml","decl":{"start":{"line":4,"column":16},"end":{"line":4,"column":32}},"loc":{"start":{"line":11,"column":3},"end":{"line":221,"column":1}},"line":11},"1":{"name":"(anonymous_1)","decl":{"start":{"line":14,"column":15},"end":{"line":14,"column":16}},"loc":{"start":{"line":15,"column":4},"end":{"line":22,"column":15}},"line":15},"2":{"name":"(anonymous_2)","decl":{"start":{"line":17,"column":8},"end":{"line":17,"column":9}},"loc":{"start":{"line":18,"column":10},"end":{"line":20,"column":28}},"line":18},"3":{"name":"(anonymous_3)","decl":{"start":{"line":19,"column":17},"end":{"line":19,"column":18}},"loc":{"start":{"line":19,"column":24},"end":{"line":19,"column":71}},"line":19},"4":{"name":"(anonymous_4)","decl":{"start":{"line":24,"column":21},"end":{"line":24,"column":22}},"loc":{"start":{"line":24,"column":36},"end":{"line":29,"column":3}},"line":24},"5":{"name":"renderMetricCard","decl":{"start":{"line":223,"column":9},"end":{"line":223,"column":25}},"loc":{"start":{"line":234,"column":2},"end":{"line":252,"column":1}},"line":234},"6":{"name":"escapeHtml","decl":{"start":{"line":254,"column":9},"end":{"line":254,"column":19}},"loc":{"start":{"line":254,"column":35},"end":{"line":261,"column":1}},"line":254}},"branchMap":{"0":{"loc":{"start":{"line":19,"column":49},"end":{"line":19,"column":62}},"type":"binary-expr","locations":[{"start":{"line":19,"column":49},"end":{"line":19,"column":56}},{"start":{"line":19,"column":60},"end":{"line":19,"column":62}}],"line":19},"1":{"loc":{"start":{"line":25,"column":4},"end":{"line":25,"column":31}},"type":"if","locations":[{"start":{"line":25,"column":4},"end":{"line":25,"column":31}},{"start":{},"end":{}}],"line":25},"2":{"loc":{"start":{"line":26,"column":4},"end":{"line":26,"column":33}},"type":"if","locations":[{"start":{"line":26,"column":4},"end":{"line":26,"column":33}},{"start":{},"end":{}}],"line":26},"3":{"loc":{"start":{"line":27,"column":4},"end":{"line":27,"column":33}},"type":"if","locations":[{"start":{"line":27,"column":4},"end":{"line":27,"column":33}},{"start":{},"end":{}}],"line":27},"4":{"loc":{"start":{"line":235,"column":14},"end":{"line":235,"column":65}},"type":"cond-expr","locations":[{"start":{"line":235,"column":36},"end":{"line":235,"column":39}},{"start":{"line":235,"column":42},"end":{"line":235,"column":65}}],"line":235},"5":{"loc":{"start":{"line":237,"column":16},"end":{"line":237,"column":106}},"type":"cond-expr","locations":[{"start":{"line":237,"column":46},"end":{"line":237,"column":49}},{"start":{"line":237,"column":52},"end":{"line":237,"column":106}}],"line":237},"6":{"loc":{"start":{"line":238,"column":15},"end":{"line":238,"column":78}},"type":"cond-expr","locations":[{"start":{"line":238,"column":29},"end":{"line":238,"column":72}},{"start":{"line":238,"column":75},"end":{"line":238,"column":78}}],"line":238},"7":{"loc":{"start":{"line":239,"column":16},"end":{"line":239,"column":82}},"type":"cond-expr","locations":[{"start":{"line":239,"column":31},"end":{"line":239,"column":76}},{"start":{"line":239,"column":79},"end":{"line":239,"column":82}}],"line":239}},"s":{"0":0,"1":0,"2":0,"3":0,"4":0,"5":0,"6":0,"7":0,"8":0,"9":0,"10":0,"11":0,"12":0,"13":0,"14":0,"15":0,"16":0,"17":0,"18":0,"19":0,"20":0,"21":0,"22":0,"23":0,"24":0},"f":{"0":0,"1":0,"2":0,"3":0,"4":0,"5":0,"6":0},"b":{"0":[0,0],"1":[0,0],"2":[0,0],"3":[0,0],"4":[0,0],"5":[0,0],"6":[0,0],"7":[0,0]}}
,"/Users/family/dev/lung-tracker-mobile/src/screens/AddActivity/AddActivityScreen.tsx": {"path":"/Users/family/dev/lung-tracker-mobile/src/screens/AddActivity/AddActivityScreen.tsx","statementMap":{"0":{"start":{"line":7,"column":12},"end":{"line":7,"column":20}},"1":{"start":{"line":8,"column":2},"end":{"line":8,"column":22}},"2":{"start":{"line":8,"column":10},"end":{"line":8,"column":22}},"3":{"start":{"line":9,"column":12},"end":{"line":9,"column":21}},"4":{"start":{"line":10,"column":2},"end":{"line":10,"column":39}},"5":{"start":{"line":14,"column":21},"end":{"line":14,"column":36}},"6":{"start":{"line":15,"column":17},"end":{"line":15,"column":36}},"7":{"start":{"line":17,"column":26},"end":{"line":17,"column":38}},"8":{"start":{"line":18,"column":34},"end":{"line":18,"column":46}},"9":{"start":{"line":19,"column":34},"end":{"line":19,"column":46}},"10":{"start":{"line":20,"column":30},"end":{"line":20,"column":42}},"11":{"start":{"line":22,"column":17},"end":{"line":35,"column":3}},"12":{"start":{"line":23,"column":4},"end":{"line":34,"column":5}},"13":{"start":{"line":24,"column":6},"end":{"line":30,"column":9}},"14":{"start":{"line":31,"column":6},"end":{"line":31,"column":26}},"15":{"start":{"line":33,"column":6},"end":{"line":33,"column":55}},"16":{"start":{"line":37,"column":2},"end":{"line":73,"column":4}}},"fnMap":{"0":{"name":"toNumberOrNull","decl":{"start":{"line":6,"column":9},"end":{"line":6,"column":23}},"loc":{"start":{"line":6,"column":50},"end":{"line":11,"column":1}},"line":6},"1":{"name":"AddActivityScreen","decl":{"start":{"line":13,"column":24},"end":{"line":13,"column":41}},"loc":{"start":{"line":13,"column":44},"end":{"line":74,"column":1}},"line":13},"2":{"name":"(anonymous_2)","decl":{"start":{"line":22,"column":17},"end":{"line":22,"column":18}},"loc":{"start":{"line":22,"column":29},"end":{"line":35,"column":3}},"line":22}},"branchMap":{"0":{"loc":{"start":{"line":8,"column":2},"end":{"line":8,"column":22}},"type":"if","locations":[{"start":{"line":8,"column":2},"end":{"line":8,"column":22}},{"start":{},"end":{}}],"line":8},"1":{"loc":{"start":{"line":10,"column":9},"end":{"line":10,"column":38}},"type":"cond-expr","locations":[{"start":{"line":10,"column":30},"end":{"line":10,"column":31}},{"start":{"line":10,"column":34},"end":{"line":10,"column":38}}],"line":10},"2":{"loc":{"start":{"line":26,"column":23},"end":{"line":26,"column":47}},"type":"binary-expr","locations":[{"start":{"line":26,"column":23},"end":{"line":26,"column":34}},{"start":{"line":26,"column":38},"end":{"line":26,"column":47}}],"line":26},"3":{"loc":{"start":{"line":68,"column":15},"end":{"line":68,"column":61}},"type":"cond-expr","locations":[{"start":{"line":68,"column":34},"end":{"line":68,"column":43}},{"start":{"line":68,"column":46},"end":{"line":68,"column":61}}],"line":68}},"s":{"0":0,"1":0,"2":0,"3":0,"4":0,"5":0,"6":0,"7":0,"8":0,"9":0,"10":0,"11":0,"12":0,"13":0,"14":0,"15":0,"16":0},"f":{"0":0,"1":0,"2":0},"b":{"0":[0,0],"1":[0,0],"2":[0,0],"3":[0,0]}}
,"/Users/family/dev/lung-tracker-mobile/src/screens/AddEvent/AddEventScreen.tsx": {"path":"/Users/family/dev/lung-tracker-mobile/src/screens/AddEvent/AddEventScreen.tsx","statementMap":{"0":{"start":{"line":7,"column":21},"end":{"line":7,"column":36}},"1":{"start":{"line":8,"column":17},"end":{"line":8,"column":33}},"2":{"start":{"line":10,"column":28},"end":{"line":10,"column":40}},"3":{"start":{"line":11,"column":28},"end":{"line":11,"column":40}},"4":{"start":{"line":13,"column":17},"end":{"line":24,"column":3}},"5":{"start":{"line":14,"column":4},"end":{"line":23,"column":5}},"6":{"start":{"line":15,"column":6},"end":{"line":19,"column":9}},"7":{"start":{"line":20,"column":6},"end":{"line":20,"column":26}},"8":{"start":{"line":22,"column":6},"end":{"line":22,"column":52}},"9":{"start":{"line":26,"column":2},"end":{"line":48,"column":4}}},"fnMap":{"0":{"name":"AddEventScreen","decl":{"start":{"line":6,"column":24},"end":{"line":6,"column":38}},"loc":{"start":{"line":6,"column":41},"end":{"line":49,"column":1}},"line":6},"1":{"name":"(anonymous_1)","decl":{"start":{"line":13,"column":17},"end":{"line":13,"column":18}},"loc":{"start":{"line":13,"column":29},"end":{"line":24,"column":3}},"line":13}},"branchMap":{"0":{"loc":{"start":{"line":18,"column":15},"end":{"line":18,"column":35}},"type":"binary-expr","locations":[{"start":{"line":18,"column":15},"end":{"line":18,"column":27}},{"start":{"line":18,"column":31},"end":{"line":18,"column":35}}],"line":18},"1":{"loc":{"start":{"line":43,"column":15},"end":{"line":43,"column":58}},"type":"cond-expr","locations":[{"start":{"line":43,"column":34},"end":{"line":43,"column":43}},{"start":{"line":43,"column":46},"end":{"line":43,"column":58}}],"line":43},"2":{"loc":{"start":{"line":45,"column":18},"end":{"line":45,"column":63}},"type":"binary-expr","locations":[{"start":{"line":45,"column":18},"end":{"line":45,"column":34}},{"start":{"line":45,"column":38},"end":{"line":45,"column":63}}],"line":45}},"s":{"0":0,"1":0,"2":0,"3":0,"4":0,"5":0,"6":0,"7":0,"8":0,"9":0},"f":{"0":0,"1":0},"b":{"0":[0,0],"1":[0,0],"2":[0,0]}}
,"/Users/family/dev/lung-tracker-mobile/src/screens/AddVitals/AddVitalsScreen.tsx": {"path":"/Users/family/dev/lung-tracker-mobile/src/screens/AddVitals/AddVitalsScreen.tsx","statementMap":{"0":{"start":{"line":7,"column":12},"end":{"line":7,"column":20}},"1":{"start":{"line":8,"column":2},"end":{"line":8,"column":22}},"2":{"start":{"line":8,"column":10},"end":{"line":8,"column":22}},"3":{"start":{"line":9,"column":12},"end":{"line":9,"column":21}},"4":{"start":{"line":10,"column":2},"end":{"line":10,"column":39}},"5":{"start":{"line":14,"column":21},"end":{"line":14,"column":36}},"6":{"start":{"line":15,"column":17},"end":{"line":15,"column":34}},"7":{"start":{"line":17,"column":28},"end":{"line":17,"column":40}},"8":{"start":{"line":18,"column":24},"end":{"line":18,"column":36}},"9":{"start":{"line":19,"column":24},"end":{"line":19,"column":36}},"10":{"start":{"line":21,"column":17},"end":{"line":33,"column":3}},"11":{"start":{"line":22,"column":4},"end":{"line":32,"column":5}},"12":{"start":{"line":23,"column":6},"end":{"line":28,"column":9}},"13":{"start":{"line":29,"column":6},"end":{"line":29,"column":26}},"14":{"start":{"line":31,"column":6},"end":{"line":31,"column":53}},"15":{"start":{"line":35,"column":2},"end":{"line":65,"column":4}}},"fnMap":{"0":{"name":"toNumberOrNull","decl":{"start":{"line":6,"column":9},"end":{"line":6,"column":23}},"loc":{"start":{"line":6,"column":50},"end":{"line":11,"column":1}},"line":6},"1":{"name":"AddVitalsScreen","decl":{"start":{"line":13,"column":24},"end":{"line":13,"column":39}},"loc":{"start":{"line":13,"column":42},"end":{"line":66,"column":1}},"line":13},"2":{"name":"(anonymous_2)","decl":{"start":{"line":21,"column":17},"end":{"line":21,"column":18}},"loc":{"start":{"line":21,"column":29},"end":{"line":33,"column":3}},"line":21}},"branchMap":{"0":{"loc":{"start":{"line":8,"column":2},"end":{"line":8,"column":22}},"type":"if","locations":[{"start":{"line":8,"column":2},"end":{"line":8,"column":22}},{"start":{},"end":{}}],"line":8},"1":{"loc":{"start":{"line":10,"column":9},"end":{"line":10,"column":38}},"type":"cond-expr","locations":[{"start":{"line":10,"column":30},"end":{"line":10,"column":31}},{"start":{"line":10,"column":34},"end":{"line":10,"column":38}}],"line":10},"2":{"loc":{"start":{"line":60,"column":15},"end":{"line":60,"column":59}},"type":"cond-expr","locations":[{"start":{"line":60,"column":34},"end":{"line":60,"column":43}},{"start":{"line":60,"column":46},"end":{"line":60,"column":59}}],"line":60}},"s":{"0":0,"1":0,"2":0,"3":0,"4":0,"5":0,"6":0,"7":0,"8":0,"9":0,"10":0,"11":0,"12":0,"13":0,"14":0,"15":0},"f":{"0":0,"1":0,"2":0},"b":{"0":[0,0],"1":[0,0],"2":[0,0]}}
,"/Users/family/dev/lung-tracker-mobile/src/screens/Auth/LoginScreen.tsx": {"path":"/Users/family/dev/lung-tracker-mobile/src/screens/Auth/LoginScreen.tsx","statementMap":{"0":{"start":{"line":10,"column":28},"end":{"line":10,"column":40}},"1":{"start":{"line":11,"column":34},"end":{"line":11,"column":46}},"2":{"start":{"line":13,"column":18},"end":{"line":21,"column":3}},"3":{"start":{"line":14,"column":22},"end":{"line":14,"column":81}},"4":{"start":{"line":15,"column":4},"end":{"line":20,"column":5}},"5":{"start":{"line":16,"column":6},"end":{"line":16,"column":49}},"6":{"start":{"line":18,"column":36},"end":{"line":18,"column":68}},"7":{"start":{"line":19,"column":6},"end":{"line":19,"column":58}},"8":{"start":{"line":23,"column":2},"end":{"line":48,"column":4}},"9":{"start":{"line":46,"column":27},"end":{"line":46,"column":56}}},"fnMap":{"0":{"name":"LoginScreen","decl":{"start":{"line":9,"column":24},"end":{"line":9,"column":35}},"loc":{"start":{"line":9,"column":59},"end":{"line":49,"column":1}},"line":9},"1":{"name":"(anonymous_1)","decl":{"start":{"line":13,"column":18},"end":{"line":13,"column":19}},"loc":{"start":{"line":13,"column":30},"end":{"line":21,"column":3}},"line":13},"2":{"name":"(anonymous_2)","decl":{"start":{"line":46,"column":21},"end":{"line":46,"column":22}},"loc":{"start":{"line":46,"column":27},"end":{"line":46,"column":56}},"line":46}},"branchMap":{"0":{"loc":{"start":{"line":15,"column":4},"end":{"line":20,"column":5}},"type":"if","locations":[{"start":{"line":15,"column":4},"end":{"line":20,"column":5}},{"start":{"line":17,"column":11},"end":{"line":20,"column":5}}],"line":15}},"s":{"0":0,"1":0,"2":0,"3":0,"4":0,"5":0,"6":0,"7":0,"8":0,"9":0},"f":{"0":0,"1":0,"2":0},"b":{"0":[0,0]},"_coverageSchema":"1a1c01bbd47fc00a2c39e90264f33305004495a9","hash":"a907fbcb8dfc7306277f394518bf55f69c8ed6d9"}
,"/Users/family/dev/lung-tracker-mobile/src/screens/Auth/SignupScreen.tsx": {"path":"/Users/family/dev/lung-tracker-mobile/src/screens/Auth/SignupScreen.tsx","statementMap":{"0":{"start":{"line":10,"column":28},"end":{"line":10,"column":40}},"1":{"start":{"line":11,"column":34},"end":{"line":11,"column":46}},"2":{"start":{"line":13,"column":19},"end":{"line":22,"column":3}},"3":{"start":{"line":14,"column":22},"end":{"line":14,"column":69}},"4":{"start":{"line":15,"column":4},"end":{"line":15,"column":66}},"5":{"start":{"line":15,"column":15},"end":{"line":15,"column":66}},"6":{"start":{"line":17,"column":4},"end":{"line":20,"column":6}},"7":{"start":{"line":21,"column":4},"end":{"line":21,"column":33}},"8":{"start":{"line":24,"column":2},"end":{"line":49,"column":4}},"9":{"start":{"line":47,"column":27},"end":{"line":47,"column":55}}},"fnMap":{"0":{"name":"SignupScreen","decl":{"start":{"line":9,"column":24},"end":{"line":9,"column":36}},"loc":{"start":{"line":9,"column":60},"end":{"line":50,"column":1}},"line":9},"1":{"name":"(anonymous_1)","decl":{"start":{"line":13,"column":19},"end":{"line":13,"column":20}},"loc":{"start":{"line":13,"column":31},"end":{"line":22,"column":3}},"line":13},"2":{"name":"(anonymous_2)","decl":{"start":{"line":47,"column":21},"end":{"line":47,"column":22}},"loc":{"start":{"line":47,"column":27},"end":{"line":47,"column":55}},"line":47}},"branchMap":{"0":{"loc":{"start":{"line":15,"column":4},"end":{"line":15,"column":66}},"type":"if","locations":[{"start":{"line":15,"column":4},"end":{"line":15,"column":66}},{"start":{},"end":{}}],"line":15}},"s":{"0":0,"1":0,"2":0,"3":0,"4":0,"5":0,"6":0,"7":0,"8":0,"9":0},"f":{"0":0,"1":0,"2":0},"b":{"0":[0,0]}}
,"/Users/family/dev/lung-tracker-mobile/src/screens/Dashboard/DashboardScreen.tsx": {"path":"/Users/family/dev/lung-tracker-mobile/src/screens/Dashboard/DashboardScreen.tsx","statementMap":{"0":{"start":{"line":17,"column":12},"end":{"line":17,"column":20}},"1":{"start":{"line":18,"column":2},"end":{"line":18,"column":22}},"2":{"start":{"line":18,"column":10},"end":{"line":18,"column":22}},"3":{"start":{"line":19,"column":12},"end":{"line":19,"column":21}},"4":{"start":{"line":20,"column":2},"end":{"line":20,"column":39}},"5":{"start":{"line":24,"column":21},"end":{"line":24,"column":83}},"6":{"start":{"line":25,"column":17},"end":{"line":25,"column":34}},"7":{"start":{"line":26,"column":17},"end":{"line":26,"column":34}},"8":{"start":{"line":29,"column":25},"end":{"line":29,"column":44}},"9":{"start":{"line":30,"column":25},"end":{"line":30,"column":44}},"10":{"start":{"line":32,"column":26},"end":{"line":32,"column":45}},"11":{"start":{"line":33,"column":34},"end":{"line":33,"column":46}},"12":{"start":{"line":34,"column":34},"end":{"line":34,"column":46}},"13":{"start":{"line":35,"column":30},"end":{"line":35,"column":42}},"14":{"start":{"line":37,"column":25},"end":{"line":55,"column":3}},"15":{"start":{"line":38,"column":4},"end":{"line":54,"column":5}},"16":{"start":{"line":39,"column":6},"end":{"line":46,"column":9}},"17":{"start":{"line":48,"column":6},"end":{"line":48,"column":22}},"18":{"start":{"line":49,"column":6},"end":{"line":49,"column":22}},"19":{"start":{"line":50,"column":6},"end":{"line":50,"column":20}},"20":{"start":{"line":51,"column":6},"end":{"line":51,"column":48}},"21":{"start":{"line":53,"column":6},"end":{"line":53,"column":58}},"22":{"start":{"line":58,"column":22},"end":{"line":58,"column":38}},"23":{"start":{"line":59,"column":22},"end":{"line":59,"column":38}},"24":{"start":{"line":61,"column":38},"end":{"line":61,"column":50}},"25":{"start":{"line":62,"column":38},"end":{"line":62,"column":50}},"26":{"start":{"line":64,"column":22},"end":{"line":86,"column":3}},"27":{"start":{"line":65,"column":18},"end":{"line":65,"column":35}},"28":{"start":{"line":66,"column":4},"end":{"line":69,"column":5}},"29":{"start":{"line":67,"column":6},"end":{"line":67,"column":67}},"30":{"start":{"line":68,"column":6},"end":{"line":68,"column":13}},"31":{"start":{"line":71,"column":4},"end":{"line":85,"column":5}},"32":{"start":{"line":72,"column":6},"end":{"line":78,"column":9}},"33":{"start":{"line":80,"column":6},"end":{"line":80,"column":24}},"34":{"start":{"line":81,"column":6},"end":{"line":81,"column":24}},"35":{"start":{"line":82,"column":6},"end":{"line":82,"column":45}},"36":{"start":{"line":84,"column":6},"end":{"line":84,"column":58}},"37":{"start":{"line":88,"column":28},"end":{"line":88,"column":40}},"38":{"start":{"line":89,"column":24},"end":{"line":89,"column":36}},"39":{"start":{"line":90,"column":24},"end":{"line":90,"column":36}},"40":{"start":{"line":92,"column":17},"end":{"line":109,"column":3}},"41":{"start":{"line":93,"column":4},"end":{"line":108,"column":5}},"42":{"start":{"line":94,"column":6},"end":{"line":100,"column":9}},"43":{"start":{"line":102,"column":6},"end":{"line":102,"column":19}},"44":{"start":{"line":103,"column":6},"end":{"line":103,"column":17}},"45":{"start":{"line":104,"column":6},"end":{"line":104,"column":17}},"46":{"start":{"line":105,"column":6},"end":{"line":105,"column":52}},"47":{"start":{"line":107,"column":6},"end":{"line":107,"column":58}},"48":{"start":{"line":111,"column":2},"end":{"line":311,"column":4}},"49":{"start":{"line":132,"column":29},"end":{"line":132,"column":68}},"50":{"start":{"line":138,"column":29},"end":{"line":138,"column":61}},"51":{"start":{"line":302,"column":10},"end":{"line":307,"column":13}},"52":{"start":{"line":303,"column":45},"end":{"line":303,"column":77}},"53":{"start":{"line":304,"column":47},"end":{"line":304,"column":81}},"54":{"start":{"line":305,"column":44},"end":{"line":305,"column":75}},"55":{"start":{"line":314,"column":15},"end":{"line":346,"column":2}}},"fnMap":{"0":{"name":"toNumberOrNull","decl":{"start":{"line":16,"column":9},"end":{"line":16,"column":23}},"loc":{"start":{"line":16,"column":50},"end":{"line":21,"column":1}},"line":16},"1":{"name":"DashboardScreen","decl":{"start":{"line":23,"column":24},"end":{"line":23,"column":39}},"loc":{"start":{"line":23,"column":42},"end":{"line":312,"column":1}},"line":23},"2":{"name":"(anonymous_2)","decl":{"start":{"line":37,"column":25},"end":{"line":37,"column":26}},"loc":{"start":{"line":37,"column":37},"end":{"line":55,"column":3}},"line":37},"3":{"name":"(anonymous_3)","decl":{"start":{"line":64,"column":22},"end":{"line":64,"column":23}},"loc":{"start":{"line":64,"column":34},"end":{"line":86,"column":3}},"line":64},"4":{"name":"(anonymous_4)","decl":{"start":{"line":92,"column":17},"end":{"line":92,"column":18}},"loc":{"start":{"line":92,"column":29},"end":{"line":109,"column":3}},"line":92},"5":{"name":"(anonymous_5)","decl":{"start":{"line":132,"column":23},"end":{"line":132,"column":24}},"loc":{"start":{"line":132,"column":29},"end":{"line":132,"column":68}},"line":132},"6":{"name":"(anonymous_6)","decl":{"start":{"line":138,"column":23},"end":{"line":138,"column":24}},"loc":{"start":{"line":138,"column":29},"end":{"line":138,"column":61}},"line":138},"7":{"name":"(anonymous_7)","decl":{"start":{"line":301,"column":17},"end":{"line":301,"column":18}},"loc":{"start":{"line":301,"column":23},"end":{"line":308,"column":9}},"line":301},"8":{"name":"(anonymous_8)","decl":{"start":{"line":303,"column":39},"end":{"line":303,"column":40}},"loc":{"start":{"line":303,"column":45},"end":{"line":303,"column":77}},"line":303},"9":{"name":"(anonymous_9)","decl":{"start":{"line":304,"column":41},"end":{"line":304,"column":42}},"loc":{"start":{"line":304,"column":47},"end":{"line":304,"column":81}},"line":304},"10":{"name":"(anonymous_10)","decl":{"start":{"line":305,"column":38},"end":{"line":305,"column":39}},"loc":{"start":{"line":305,"column":44},"end":{"line":305,"column":75}},"line":305}},"branchMap":{"0":{"loc":{"start":{"line":18,"column":2},"end":{"line":18,"column":22}},"type":"if","locations":[{"start":{"line":18,"column":2},"end":{"line":18,"column":22}},{"start":{},"end":{}}],"line":18},"1":{"loc":{"start":{"line":20,"column":9},"end":{"line":20,"column":38}},"type":"cond-expr","locations":[{"start":{"line":20,"column":30},"end":{"line":20,"column":31}},{"start":{"line":20,"column":34},"end":{"line":20,"column":38}}],"line":20},"2":{"loc":{"start":{"line":53,"column":27},"end":{"line":53,"column":56}},"type":"binary-expr","locations":[{"start":{"line":53,"column":27},"end":{"line":53,"column":37}},{"start":{"line":53,"column":41},"end":{"line":53,"column":56}}],"line":53},"3":{"loc":{"start":{"line":66,"column":4},"end":{"line":69,"column":5}},"type":"if","locations":[{"start":{"line":66,"column":4},"end":{"line":69,"column":5}},{"start":{},"end":{}}],"line":66},"4":{"loc":{"start":{"line":75,"column":15},"end":{"line":75,"column":59}},"type":"cond-expr","locations":[{"start":{"line":75,"column":35},"end":{"line":75,"column":52}},{"start":{"line":75,"column":55},"end":{"line":75,"column":59}}],"line":75},"5":{"loc":{"start":{"line":84,"column":27},"end":{"line":84,"column":56}},"type":"binary-expr","locations":[{"start":{"line":84,"column":27},"end":{"line":84,"column":37}},{"start":{"line":84,"column":41},"end":{"line":84,"column":56}}],"line":84},"6":{"loc":{"start":{"line":107,"column":27},"end":{"line":107,"column":56}},"type":"binary-expr","locations":[{"start":{"line":107,"column":27},"end":{"line":107,"column":37}},{"start":{"line":107,"column":41},"end":{"line":107,"column":56}}],"line":107},"7":{"loc":{"start":{"line":148,"column":11},"end":{"line":158,"column":11}},"type":"cond-expr","locations":[{"start":{"line":149,"column":12},"end":{"line":149,"column":33}},{"start":{"line":150,"column":14},"end":{"line":158,"column":11}}],"line":148},"8":{"loc":{"start":{"line":150,"column":14},"end":{"line":158,"column":11}},"type":"cond-expr","locations":[{"start":{"line":151,"column":12},"end":{"line":155,"column":19}},{"start":{"line":157,"column":12},"end":{"line":157,"column":39}}],"line":150},"9":{"loc":{"start":{"line":153,"column":15},"end":{"line":153,"column":43}},"type":"binary-expr","locations":[{"start":{"line":153,"column":15},"end":{"line":153,"column":36}},{"start":{"line":153,"column":40},"end":{"line":153,"column":43}}],"line":153},"10":{"loc":{"start":{"line":153,"column":52},"end":{"line":153,"column":79}},"type":"binary-expr","locations":[{"start":{"line":153,"column":52},"end":{"line":153,"column":72}},{"start":{"line":153,"column":76},"end":{"line":153,"column":79}}],"line":153},"11":{"loc":{"start":{"line":154,"column":16},"end":{"line":154,"column":44}},"type":"binary-expr","locations":[{"start":{"line":154,"column":16},"end":{"line":154,"column":37}},{"start":{"line":154,"column":41},"end":{"line":154,"column":44}}],"line":154},"12":{"loc":{"start":{"line":189,"column":19},"end":{"line":189,"column":63}},"type":"cond-expr","locations":[{"start":{"line":189,"column":38},"end":{"line":189,"column":47}},{"start":{"line":189,"column":50},"end":{"line":189,"column":63}}],"line":189},"13":{"loc":{"start":{"line":198,"column":11},"end":{"line":213,"column":11}},"type":"cond-expr","locations":[{"start":{"line":199,"column":12},"end":{"line":199,"column":33}},{"start":{"line":200,"column":14},"end":{"line":213,"column":11}}],"line":198},"14":{"loc":{"start":{"line":200,"column":14},"end":{"line":213,"column":11}},"type":"cond-expr","locations":[{"start":{"line":201,"column":12},"end":{"line":210,"column":19}},{"start":{"line":212,"column":12},"end":{"line":212,"column":43}}],"line":200},"15":{"loc":{"start":{"line":205,"column":15},"end":{"line":205,"column":58}},"type":"binary-expr","locations":[{"start":{"line":205,"column":15},"end":{"line":205,"column":51}},{"start":{"line":205,"column":55},"end":{"line":205,"column":58}}],"line":205},"16":{"loc":{"start":{"line":207,"column":15},"end":{"line":207,"column":53}},"type":"binary-expr","locations":[{"start":{"line":207,"column":15},"end":{"line":207,"column":46}},{"start":{"line":207,"column":50},"end":{"line":207,"column":53}}],"line":207},"17":{"loc":{"start":{"line":209,"column":15},"end":{"line":209,"column":48}},"type":"binary-expr","locations":[{"start":{"line":209,"column":15},"end":{"line":209,"column":41}},{"start":{"line":209,"column":45},"end":{"line":209,"column":48}}],"line":209},"18":{"loc":{"start":{"line":251,"column":19},"end":{"line":251,"column":73}},"type":"cond-expr","locations":[{"start":{"line":251,"column":46},"end":{"line":251,"column":55}},{"start":{"line":251,"column":58},"end":{"line":251,"column":73}}],"line":251},"19":{"loc":{"start":{"line":260,"column":11},"end":{"line":269,"column":11}},"type":"cond-expr","locations":[{"start":{"line":261,"column":12},"end":{"line":261,"column":33}},{"start":{"line":262,"column":14},"end":{"line":269,"column":11}}],"line":260},"20":{"loc":{"start":{"line":262,"column":14},"end":{"line":269,"column":11}},"type":"cond-expr","locations":[{"start":{"line":263,"column":12},"end":{"line":266,"column":19}},{"start":{"line":268,"column":12},"end":{"line":268,"column":39}}],"line":262},"21":{"loc":{"start":{"line":291,"column":19},"end":{"line":291,"column":67}},"type":"cond-expr","locations":[{"start":{"line":291,"column":43},"end":{"line":291,"column":52}},{"start":{"line":291,"column":55},"end":{"line":291,"column":67}}],"line":291}},"s":{"0":0,"1":0,"2":0,"3":0,"4":0,"5":0,"6":0,"7":0,"8":0,"9":0,"10":0,"11":0,"12":0,"13":0,"14":0,"15":0,"16":0,"17":0,"18":0,"19":0,"20":0,"21":0,"22":0,"23":0,"24":0,"25":0,"26":0,"27":0,"28":0,"29":0,"30":0,"31":0,"32":0,"33":0,"34":0,"35":0,"36":0,"37":0,"38":0,"39":0,"40":0,"41":0,"42":0,"43":0,"44":0,"45":0,"46":0,"47":0,"48":0,"49":0,"50":0,"51":0,"52":0,"53":0,"54":0,"55":0},"f":{"0":0,"1":0,"2":0,"3":0,"4":0,"5":0,"6":0,"7":0,"8":0,"9":0,"10":0},"b":{"0":[0,0],"1":[0,0],"2":[0,0],"3":[0,0],"4":[0,0],"5":[0,0],"6":[0,0],"7":[0,0],"8":[0,0],"9":[0,0],"10":[0,0],"11":[0,0],"12":[0,0],"13":[0,0],"14":[0,0],"15":[0,0],"16":[0,0],"17":[0,0],"18":[0,0],"19":[0,0],"20":[0,0],"21":[0,0]}}
,"/Users/family/dev/lung-tracker-mobile/src/screens/History/HistoryScreen.tsx": {"path":"/Users/family/dev/lung-tracker-mobile/src/screens/History/HistoryScreen.tsx","statementMap":{"0":{"start":{"line":16,"column":21},"end":{"line":16,"column":83}},"1":{"start":{"line":17,"column":17},"end":{"line":17,"column":34}},"2":{"start":{"line":18,"column":21},"end":{"line":18,"column":42}},"3":{"start":{"line":19,"column":17},"end":{"line":19,"column":34}},"4":{"start":{"line":21,"column":2},"end":{"line":158,"column":4}},"5":{"start":{"line":42,"column":29},"end":{"line":42,"column":61}},"6":{"start":{"line":48,"column":29},"end":{"line":48,"column":63}},"7":{"start":{"line":68,"column":14},"end":{"line":79,"column":21}},"8":{"start":{"line":99,"column":14},"end":{"line":111,"column":21}},"9":{"start":{"line":131,"column":14},"end":{"line":139,"column":21}},"10":{"start":{"line":149,"column":10},"end":{"line":154,"column":13}},"11":{"start":{"line":150,"column":45},"end":{"line":150,"column":77}},"12":{"start":{"line":151,"column":47},"end":{"line":151,"column":81}},"13":{"start":{"line":152,"column":44},"end":{"line":152,"column":75}},"14":{"start":{"line":161,"column":15},"end":{"line":178,"column":2}}},"fnMap":{"0":{"name":"HistoryScreen","decl":{"start":{"line":15,"column":24},"end":{"line":15,"column":37}},"loc":{"start":{"line":15,"column":40},"end":{"line":159,"column":1}},"line":15},"1":{"name":"(anonymous_1)","decl":{"start":{"line":42,"column":23},"end":{"line":42,"column":24}},"loc":{"start":{"line":42,"column":29},"end":{"line":42,"column":61}},"line":42},"2":{"name":"(anonymous_2)","decl":{"start":{"line":48,"column":23},"end":{"line":48,"column":24}},"loc":{"start":{"line":48,"column":29},"end":{"line":48,"column":63}},"line":48},"3":{"name":"(anonymous_3)","decl":{"start":{"line":67,"column":36},"end":{"line":67,"column":37}},"loc":{"start":{"line":68,"column":14},"end":{"line":79,"column":21}},"line":68},"4":{"name":"(anonymous_4)","decl":{"start":{"line":98,"column":40},"end":{"line":98,"column":41}},"loc":{"start":{"line":99,"column":14},"end":{"line":111,"column":21}},"line":99},"5":{"name":"(anonymous_5)","decl":{"start":{"line":130,"column":36},"end":{"line":130,"column":37}},"loc":{"start":{"line":131,"column":14},"end":{"line":139,"column":21}},"line":131},"6":{"name":"(anonymous_6)","decl":{"start":{"line":148,"column":17},"end":{"line":148,"column":18}},"loc":{"start":{"line":148,"column":23},"end":{"line":155,"column":9}},"line":148},"7":{"name":"(anonymous_7)","decl":{"start":{"line":150,"column":39},"end":{"line":150,"column":40}},"loc":{"start":{"line":150,"column":45},"end":{"line":150,"column":77}},"line":150},"8":{"name":"(anonymous_8)","decl":{"start":{"line":151,"column":41},"end":{"line":151,"column":42}},"loc":{"start":{"line":151,"column":47},"end":{"line":151,"column":81}},"line":151},"9":{"name":"(anonymous_9)","decl":{"start":{"line":152,"column":38},"end":{"line":152,"column":39}},"loc":{"start":{"line":152,"column":44},"end":{"line":152,"column":75}},"line":152}},"branchMap":{"0":{"loc":{"start":{"line":60,"column":11},"end":{"line":81,"column":11}},"type":"cond-expr","locations":[{"start":{"line":61,"column":12},"end":{"line":61,"column":40}},{"start":{"line":62,"column":14},"end":{"line":81,"column":11}}],"line":60},"1":{"loc":{"start":{"line":62,"column":14},"end":{"line":81,"column":11}},"type":"cond-expr","locations":[{"start":{"line":63,"column":12},"end":{"line":63,"column":46}},{"start":{"line":64,"column":14},"end":{"line":81,"column":11}}],"line":62},"2":{"loc":{"start":{"line":64,"column":14},"end":{"line":81,"column":11}},"type":"cond-expr","locations":[{"start":{"line":65,"column":12},"end":{"line":65,"column":39}},{"start":{"line":67,"column":12},"end":{"line":80,"column":14}}],"line":64},"3":{"loc":{"start":{"line":64,"column":15},"end":{"line":64,"column":32}},"type":"binary-expr","locations":[{"start":{"line":64,"column":15},"end":{"line":64,"column":26}},{"start":{"line":64,"column":30},"end":{"line":64,"column":32}}],"line":64},"4":{"loc":{"start":{"line":67,"column":13},"end":{"line":67,"column":30}},"type":"binary-expr","locations":[{"start":{"line":67,"column":13},"end":{"line":67,"column":24}},{"start":{"line":67,"column":28},"end":{"line":67,"column":30}}],"line":67},"5":{"loc":{"start":{"line":76,"column":26},"end":{"line":76,"column":47}},"type":"binary-expr","locations":[{"start":{"line":76,"column":26},"end":{"line":76,"column":40}},{"start":{"line":76,"column":44},"end":{"line":76,"column":47}}],"line":76},"6":{"loc":{"start":{"line":76,"column":56},"end":{"line":76,"column":76}},"type":"binary-expr","locations":[{"start":{"line":76,"column":56},"end":{"line":76,"column":69}},{"start":{"line":76,"column":73},"end":{"line":76,"column":76}}],"line":76},"7":{"loc":{"start":{"line":77,"column":19},"end":{"line":77,"column":40}},"type":"binary-expr","locations":[{"start":{"line":77,"column":19},"end":{"line":77,"column":33}},{"start":{"line":77,"column":37},"end":{"line":77,"column":40}}],"line":77},"8":{"loc":{"start":{"line":91,"column":11},"end":{"line":113,"column":11}},"type":"cond-expr","locations":[{"start":{"line":92,"column":12},"end":{"line":92,"column":44}},{"start":{"line":93,"column":14},"end":{"line":113,"column":11}}],"line":91},"9":{"loc":{"start":{"line":93,"column":14},"end":{"line":113,"column":11}},"type":"cond-expr","locations":[{"start":{"line":94,"column":12},"end":{"line":94,"column":50}},{"start":{"line":95,"column":14},"end":{"line":113,"column":11}}],"line":93},"10":{"loc":{"start":{"line":95,"column":14},"end":{"line":113,"column":11}},"type":"cond-expr","locations":[{"start":{"line":96,"column":12},"end":{"line":96,"column":43}},{"start":{"line":98,"column":12},"end":{"line":112,"column":14}}],"line":95},"11":{"loc":{"start":{"line":95,"column":15},"end":{"line":95,"column":36}},"type":"binary-expr","locations":[{"start":{"line":95,"column":15},"end":{"line":95,"column":30}},{"start":{"line":95,"column":34},"end":{"line":95,"column":36}}],"line":95},"12":{"loc":{"start":{"line":98,"column":13},"end":{"line":98,"column":34}},"type":"binary-expr","locations":[{"start":{"line":98,"column":13},"end":{"line":98,"column":28}},{"start":{"line":98,"column":32},"end":{"line":98,"column":34}}],"line":98},"13":{"loc":{"start":{"line":108,"column":29},"end":{"line":108,"column":57}},"type":"binary-expr","locations":[{"start":{"line":108,"column":29},"end":{"line":108,"column":50}},{"start":{"line":108,"column":54},"end":{"line":108,"column":57}}],"line":108},"14":{"loc":{"start":{"line":109,"column":19},"end":{"line":109,"column":42}},"type":"binary-expr","locations":[{"start":{"line":109,"column":19},"end":{"line":109,"column":35}},{"start":{"line":109,"column":39},"end":{"line":109,"column":42}}],"line":109},"15":{"loc":{"start":{"line":109,"column":58},"end":{"line":109,"column":76}},"type":"binary-expr","locations":[{"start":{"line":109,"column":58},"end":{"line":109,"column":69}},{"start":{"line":109,"column":73},"end":{"line":109,"column":76}}],"line":109},"16":{"loc":{"start":{"line":123,"column":11},"end":{"line":141,"column":11}},"type":"cond-expr","locations":[{"start":{"line":124,"column":12},"end":{"line":124,"column":40}},{"start":{"line":125,"column":14},"end":{"line":141,"column":11}}],"line":123},"17":{"loc":{"start":{"line":125,"column":14},"end":{"line":141,"column":11}},"type":"cond-expr","locations":[{"start":{"line":126,"column":12},"end":{"line":126,"column":46}},{"start":{"line":127,"column":14},"end":{"line":141,"column":11}}],"line":125},"18":{"loc":{"start":{"line":127,"column":14},"end":{"line":141,"column":11}},"type":"cond-expr","locations":[{"start":{"line":128,"column":12},"end":{"line":128,"column":39}},{"start":{"line":130,"column":12},"end":{"line":140,"column":14}}],"line":127},"19":{"loc":{"start":{"line":127,"column":15},"end":{"line":127,"column":32}},"type":"binary-expr","locations":[{"start":{"line":127,"column":15},"end":{"line":127,"column":26}},{"start":{"line":127,"column":30},"end":{"line":127,"column":32}}],"line":127},"20":{"loc":{"start":{"line":130,"column":13},"end":{"line":130,"column":30}},"type":"binary-expr","locations":[{"start":{"line":130,"column":13},"end":{"line":130,"column":24}},{"start":{"line":130,"column":28},"end":{"line":130,"column":30}}],"line":130},"21":{"loc":{"start":{"line":138,"column":17},"end":{"line":138,"column":65}},"type":"binary-expr","locations":[{"start":{"line":138,"column":17},"end":{"line":138,"column":29}},{"start":{"line":138,"column":33},"end":{"line":138,"column":65}}],"line":138}},"s":{"0":0,"1":0,"2":0,"3":0,"4":0,"5":0,"6":0,"7":0,"8":0,"9":0,"10":0,"11":0,"12":0,"13":0,"14":0},"f":{"0":0,"1":0,"2":0,"3":0,"4":0,"5":0,"6":0,"7":0,"8":0,"9":0},"b":{"0":[0,0],"1":[0,0],"2":[0,0],"3":[0,0],"4":[0,0],"5":[0,0],"6":[0,0],"7":[0,0],"8":[0,0],"9":[0,0],"10":[0,0],"11":[0,0],"12":[0,0],"13":[0,0],"14":[0,0],"15":[0,0],"16":[0,0],"17":[0,0],"18":[0,0],"19":[0,0],"20":[0,0],"21":[0,0]}}
,"/Users/family/dev/lung-tracker-mobile/src/screens/Report/ReportScreen.tsx": {"path":"/Users/family/dev/lung-tracker-mobile/src/screens/Report/ReportScreen.tsx","statementMap":{"0":{"start":{"line":13,"column":21},"end":{"line":13,"column":83}},"1":{"start":{"line":15,"column":27},"end":{"line":21,"column":3}},"2":{"start":{"line":16,"column":4},"end":{"line":20,"column":6}},"3":{"start":{"line":23,"column":2},"end":{"line":110,"column":4}},"4":{"start":{"line":44,"column":29},"end":{"line":44,"column":68}},"5":{"start":{"line":51,"column":16},"end":{"line":56,"column":19}},"6":{"start":{"line":52,"column":51},"end":{"line":52,"column":83}},"7":{"start":{"line":53,"column":53},"end":{"line":53,"column":87}},"8":{"start":{"line":54,"column":50},"end":{"line":54,"column":81}},"9":{"start":{"line":101,"column":10},"end":{"line":106,"column":13}},"10":{"start":{"line":102,"column":45},"end":{"line":102,"column":77}},"11":{"start":{"line":103,"column":47},"end":{"line":103,"column":81}},"12":{"start":{"line":104,"column":44},"end":{"line":104,"column":75}},"13":{"start":{"line":113,"column":15},"end":{"line":136,"column":2}}},"fnMap":{"0":{"name":"ReportScreen","decl":{"start":{"line":12,"column":24},"end":{"line":12,"column":36}},"loc":{"start":{"line":12,"column":39},"end":{"line":111,"column":1}},"line":12},"1":{"name":"(anonymous_1)","decl":{"start":{"line":15,"column":27},"end":{"line":15,"column":28}},"loc":{"start":{"line":15,"column":33},"end":{"line":21,"column":3}},"line":15},"2":{"name":"(anonymous_2)","decl":{"start":{"line":44,"column":23},"end":{"line":44,"column":24}},"loc":{"start":{"line":44,"column":29},"end":{"line":44,"column":68}},"line":44},"3":{"name":"(anonymous_3)","decl":{"start":{"line":50,"column":23},"end":{"line":50,"column":24}},"loc":{"start":{"line":50,"column":29},"end":{"line":57,"column":15}},"line":50},"4":{"name":"(anonymous_4)","decl":{"start":{"line":52,"column":45},"end":{"line":52,"column":46}},"loc":{"start":{"line":52,"column":51},"end":{"line":52,"column":83}},"line":52},"5":{"name":"(anonymous_5)","decl":{"start":{"line":53,"column":47},"end":{"line":53,"column":48}},"loc":{"start":{"line":53,"column":53},"end":{"line":53,"column":87}},"line":53},"6":{"name":"(anonymous_6)","decl":{"start":{"line":54,"column":44},"end":{"line":54,"column":45}},"loc":{"start":{"line":54,"column":50},"end":{"line":54,"column":81}},"line":54},"7":{"name":"(anonymous_7)","decl":{"start":{"line":100,"column":17},"end":{"line":100,"column":18}},"loc":{"start":{"line":100,"column":23},"end":{"line":107,"column":9}},"line":100},"8":{"name":"(anonymous_8)","decl":{"start":{"line":102,"column":39},"end":{"line":102,"column":40}},"loc":{"start":{"line":102,"column":45},"end":{"line":102,"column":77}},"line":102},"9":{"name":"(anonymous_9)","decl":{"start":{"line":103,"column":41},"end":{"line":103,"column":42}},"loc":{"start":{"line":103,"column":47},"end":{"line":103,"column":81}},"line":103},"10":{"name":"(anonymous_10)","decl":{"start":{"line":104,"column":38},"end":{"line":104,"column":39}},"loc":{"start":{"line":104,"column":44},"end":{"line":104,"column":75}},"line":104}},"branchMap":{},"s":{"0":0,"1":0,"2":0,"3":0,"4":0,"5":0,"6":0,"7":0,"8":0,"9":0,"10":0,"11":0,"12":0,"13":0},"f":{"0":0,"1":0,"2":0,"3":0,"4":0,"5":0,"6":0,"7":0,"8":0,"9":0,"10":0},"b":{}}
,"/Users/family/dev/lung-tracker-mobile/src/screens/Settings/SettingsScreen.tsx": {"path":"/Users/family/dev/lung-tracker-mobile/src/screens/Settings/SettingsScreen.tsx","statementMap":{"0":{"start":{"line":15,"column":21},"end":{"line":15,"column":83}},"1":{"start":{"line":17,"column":19},"end":{"line":57,"column":3}},"2":{"start":{"line":18,"column":4},"end":{"line":56,"column":5}},"3":{"start":{"line":19,"column":6},"end":{"line":19,"column":48}},"4":{"start":{"line":20,"column":24},"end":{"line":20,"column":53}},"5":{"start":{"line":21,"column":6},"end":{"line":25,"column":7}},"6":{"start":{"line":22,"column":8},"end":{"line":22,"column":55}},"7":{"start":{"line":23,"column":8},"end":{"line":23,"column":54}},"8":{"start":{"line":24,"column":8},"end":{"line":24,"column":15}},"9":{"start":{"line":27,"column":6},"end":{"line":27,"column":41}},"10":{"start":{"line":30,"column":6},"end":{"line":34,"column":7}},"11":{"start":{"line":31,"column":8},"end":{"line":31,"column":41}},"12":{"start":{"line":32,"column":8},"end":{"line":32,"column":33}},"13":{"start":{"line":33,"column":8},"end":{"line":33,"column":15}},"14":{"start":{"line":37,"column":6},"end":{"line":45,"column":7}},"15":{"start":{"line":38,"column":24},"end":{"line":38,"column":52}},"16":{"start":{"line":39,"column":8},"end":{"line":42,"column":9}},"17":{"start":{"line":40,"column":10},"end":{"line":40,"column":38}},"18":{"start":{"line":41,"column":10},"end":{"line":41,"column":17}},"19":{"start":{"line":48,"column":6},"end":{"line":52,"column":7}},"20":{"start":{"line":49,"column":8},"end":{"line":49,"column":78}},"21":{"start":{"line":54,"column":6},"end":{"line":54,"column":59}},"22":{"start":{"line":55,"column":6},"end":{"line":55,"column":62}},"23":{"start":{"line":59,"column":29},"end":{"line":76,"column":3}},"24":{"start":{"line":61,"column":4},"end":{"line":75,"column":5}},"25":{"start":{"line":62,"column":24},"end":{"line":62,"column":76}},"26":{"start":{"line":63,"column":6},"end":{"line":65,"column":7}},"27":{"start":{"line":64,"column":8},"end":{"line":64,"column":19}},"28":{"start":{"line":67,"column":6},"end":{"line":74,"column":8}},"29":{"start":{"line":78,"column":2},"end":{"line":146,"column":4}},"30":{"start":{"line":100,"column":16},"end":{"line":105,"column":19}},"31":{"start":{"line":101,"column":51},"end":{"line":101,"column":83}},"32":{"start":{"line":102,"column":53},"end":{"line":102,"column":87}},"33":{"start":{"line":103,"column":50},"end":{"line":103,"column":81}},"34":{"start":{"line":137,"column":10},"end":{"line":142,"column":13}},"35":{"start":{"line":138,"column":45},"end":{"line":138,"column":77}},"36":{"start":{"line":139,"column":47},"end":{"line":139,"column":81}},"37":{"start":{"line":140,"column":44},"end":{"line":140,"column":75}},"38":{"start":{"line":149,"column":15},"end":{"line":169,"column":2}}},"fnMap":{"0":{"name":"SettingsScreen","decl":{"start":{"line":14,"column":24},"end":{"line":14,"column":38}},"loc":{"start":{"line":14,"column":41},"end":{"line":147,"column":1}},"line":14},"1":{"name":"(anonymous_1)","decl":{"start":{"line":17,"column":19},"end":{"line":17,"column":20}},"loc":{"start":{"line":17,"column":31},"end":{"line":57,"column":3}},"line":17},"2":{"name":"(anonymous_2)","decl":{"start":{"line":59,"column":29},"end":{"line":59,"column":30}},"loc":{"start":{"line":59,"column":35},"end":{"line":76,"column":3}},"line":59},"3":{"name":"(anonymous_3)","decl":{"start":{"line":99,"column":23},"end":{"line":99,"column":24}},"loc":{"start":{"line":99,"column":29},"end":{"line":106,"column":15}},"line":99},"4":{"name":"(anonymous_4)","decl":{"start":{"line":101,"column":45},"end":{"line":101,"column":46}},"loc":{"start":{"line":101,"column":51},"end":{"line":101,"column":83}},"line":101},"5":{"name":"(anonymous_5)","decl":{"start":{"line":102,"column":47},"end":{"line":102,"column":48}},"loc":{"start":{"line":102,"column":53},"end":{"line":102,"column":87}},"line":102},"6":{"name":"(anonymous_6)","decl":{"start":{"line":103,"column":44},"end":{"line":103,"column":45}},"loc":{"start":{"line":103,"column":50},"end":{"line":103,"column":81}},"line":103},"7":{"name":"(anonymous_7)","decl":{"start":{"line":136,"column":17},"end":{"line":136,"column":18}},"loc":{"start":{"line":136,"column":23},"end":{"line":143,"column":9}},"line":136},"8":{"name":"(anonymous_8)","decl":{"start":{"line":138,"column":39},"end":{"line":138,"column":40}},"loc":{"start":{"line":138,"column":45},"end":{"line":138,"column":77}},"line":138},"9":{"name":"(anonymous_9)","decl":{"start":{"line":139,"column":41},"end":{"line":139,"column":42}},"loc":{"start":{"line":139,"column":47},"end":{"line":139,"column":81}},"line":139},"10":{"name":"(anonymous_10)","decl":{"start":{"line":140,"column":38},"end":{"line":140,"column":39}},"loc":{"start":{"line":140,"column":44},"end":{"line":140,"column":75}},"line":140}},"branchMap":{"0":{"loc":{"start":{"line":21,"column":6},"end":{"line":25,"column":7}},"type":"if","locations":[{"start":{"line":21,"column":6},"end":{"line":25,"column":7}},{"start":{},"end":{}}],"line":21},"1":{"loc":{"start":{"line":30,"column":6},"end":{"line":34,"column":7}},"type":"if","locations":[{"start":{"line":30,"column":6},"end":{"line":34,"column":7}},{"start":{},"end":{}}],"line":30},"2":{"loc":{"start":{"line":30,"column":10},"end":{"line":30,"column":83}},"type":"binary-expr","locations":[{"start":{"line":30,"column":10},"end":{"line":30,"column":31}},{"start":{"line":30,"column":35},"end":{"line":30,"column":64}},{"start":{"line":30,"column":68},"end":{"line":30,"column":83}}],"line":30},"3":{"loc":{"start":{"line":39,"column":8},"end":{"line":42,"column":9}},"type":"if","locations":[{"start":{"line":39,"column":8},"end":{"line":42,"column":9}},{"start":{},"end":{}}],"line":39},"4":{"loc":{"start":{"line":54,"column":42},"end":{"line":54,"column":57}},"type":"binary-expr","locations":[{"start":{"line":54,"column":42},"end":{"line":54,"column":52}},{"start":{"line":54,"column":56},"end":{"line":54,"column":57}}],"line":54},"5":{"loc":{"start":{"line":55,"column":37},"end":{"line":55,"column":60}},"type":"binary-expr","locations":[{"start":{"line":55,"column":37},"end":{"line":55,"column":47}},{"start":{"line":55,"column":51},"end":{"line":55,"column":60}}],"line":55},"6":{"loc":{"start":{"line":61,"column":4},"end":{"line":75,"column":5}},"type":"if","locations":[{"start":{"line":61,"column":4},"end":{"line":75,"column":5}},{"start":{"line":66,"column":11},"end":{"line":75,"column":5}}],"line":61},"7":{"loc":{"start":{"line":63,"column":6},"end":{"line":65,"column":7}},"type":"if","locations":[{"start":{"line":63,"column":6},"end":{"line":65,"column":7}},{"start":{},"end":{}}],"line":63}},"s":{"0":0,"1":0,"2":0,"3":0,"4":0,"5":0,"6":0,"7":0,"8":0,"9":0,"10":0,"11":0,"12":0,"13":0,"14":0,"15":0,"16":0,"17":0,"18":0,"19":0,"20":0,"21":0,"22":0,"23":0,"24":0,"25":0,"26":0,"27":0,"28":0,"29":0,"30":0,"31":0,"32":0,"33":0,"34":0,"35":0,"36":0,"37":0,"38":0},"f":{"0":0,"1":0,"2":0,"3":0,"4":0,"5":0,"6":0,"7":0,"8":0,"9":0,"10":0},"b":{"0":[0,0],"1":[0,0],"2":[0,0,0],"3":[0,0],"4":[0,0],"5":[0,0],"6":[0,0],"7":[0,0]}}
,"/Users/family/dev/lung-tracker-mobile/src/screens/Trends/TrendsScreen.tsx": {"path":"/Users/family/dev/lung-tracker-mobile/src/screens/Trends/TrendsScreen.tsx","statementMap":{"0":{"start":{"line":34,"column":14},"end":{"line":34,"column":24}},"1":{"start":{"line":35,"column":17},"end":{"line":35,"column":30}},"2":{"start":{"line":36,"column":2},"end":{"line":36,"column":39}},"3":{"start":{"line":37,"column":2},"end":{"line":37,"column":16}},"4":{"start":{"line":41,"column":2},"end":{"line":50,"column":3}},"5":{"start":{"line":43,"column":6},"end":{"line":43,"column":27}},"6":{"start":{"line":45,"column":6},"end":{"line":45,"column":40}},"7":{"start":{"line":47,"column":6},"end":{"line":47,"column":68}},"8":{"start":{"line":49,"column":6},"end":{"line":49,"column":70}},"9":{"start":{"line":54,"column":14},"end":{"line":54,"column":44}},"10":{"start":{"line":55,"column":2},"end":{"line":55,"column":43}},"11":{"start":{"line":55,"column":31},"end":{"line":55,"column":43}},"12":{"start":{"line":56,"column":2},"end":{"line":56,"column":41}},"13":{"start":{"line":56,"column":29},"end":{"line":56,"column":41}},"14":{"start":{"line":57,"column":2},"end":{"line":57,"column":13}},"15":{"start":{"line":61,"column":12},"end":{"line":61,"column":25}},"16":{"start":{"line":63,"column":2},"end":{"line":63,"column":46}},"17":{"start":{"line":67,"column":2},"end":{"line":67,"column":48}},"18":{"start":{"line":67,"column":34},"end":{"line":67,"column":48}},"19":{"start":{"line":68,"column":15},"end":{"line":68,"column":51}},"20":{"start":{"line":69,"column":2},"end":{"line":69,"column":113}},"21":{"start":{"line":69,"column":33},"end":{"line":69,"column":110}},"22":{"start":{"line":81,"column":2},"end":{"line":96,"column":4}},"23":{"start":{"line":100,"column":2},"end":{"line":105,"column":4}},"24":{"start":{"line":109,"column":2},"end":{"line":122,"column":4}},"25":{"start":{"line":144,"column":2},"end":{"line":215,"column":4}},"26":{"start":{"line":184,"column":26},"end":{"line":184,"column":36}},"27":{"start":{"line":185,"column":27},"end":{"line":185,"column":37}},"28":{"start":{"line":187,"column":26},"end":{"line":187,"column":44}},"29":{"start":{"line":188,"column":23},"end":{"line":188,"column":35}},"30":{"start":{"line":189,"column":23},"end":{"line":189,"column":36}},"31":{"start":{"line":191,"column":12},"end":{"line":208,"column":14}},"32":{"start":{"line":219,"column":21},"end":{"line":219,"column":83}},"33":{"start":{"line":220,"column":33},"end":{"line":220,"column":54}},"34":{"start":{"line":221,"column":21},"end":{"line":221,"column":64}},"35":{"start":{"line":223,"column":22},"end":{"line":223,"column":31}},"36":{"start":{"line":224,"column":22},"end":{"line":224,"column":31}},"37":{"start":{"line":226,"column":36},"end":{"line":226,"column":59}},"38":{"start":{"line":227,"column":30},"end":{"line":227,"column":62}},"39":{"start":{"line":228,"column":34},"end":{"line":228,"column":59}},"40":{"start":{"line":229,"column":32},"end":{"line":229,"column":57}},"41":{"start":{"line":232,"column":17},"end":{"line":232,"column":35}},"42":{"start":{"line":234,"column":61},"end":{"line":361,"column":57}},"43":{"start":{"line":235,"column":19},"end":{"line":235,"column":41}},"44":{"start":{"line":237,"column":17},"end":{"line":239,"column":74}},"45":{"start":{"line":238,"column":21},"end":{"line":238,"column":54}},"46":{"start":{"line":239,"column":22},"end":{"line":239,"column":73}},"47":{"start":{"line":241,"column":21},"end":{"line":241,"column":63}},"48":{"start":{"line":241,"column":38},"end":{"line":241,"column":63}},"49":{"start":{"line":244,"column":18},"end":{"line":250,"column":64}},"50":{"start":{"line":246,"column":22},"end":{"line":246,"column":51}},"51":{"start":{"line":247,"column":8},"end":{"line":247,"column":40}},"52":{"start":{"line":247,"column":28},"end":{"line":247,"column":40}},"53":{"start":{"line":248,"column":8},"end":{"line":248,"column":57}},"54":{"start":{"line":250,"column":60},"end":{"line":250,"column":63}},"55":{"start":{"line":252,"column":18},"end":{"line":258,"column":64}},"56":{"start":{"line":254,"column":22},"end":{"line":254,"column":52}},"57":{"start":{"line":255,"column":8},"end":{"line":255,"column":40}},"58":{"start":{"line":255,"column":28},"end":{"line":255,"column":40}},"59":{"start":{"line":256,"column":8},"end":{"line":256,"column":57}},"60":{"start":{"line":258,"column":60},"end":{"line":258,"column":63}},"61":{"start":{"line":261,"column":18},"end":{"line":267,"column":64}},"62":{"start":{"line":263,"column":22},"end":{"line":263,"column":52}},"63":{"start":{"line":264,"column":8},"end":{"line":264,"column":40}},"64":{"start":{"line":264,"column":28},"end":{"line":264,"column":40}},"65":{"start":{"line":265,"column":8},"end":{"line":265,"column":57}},"66":{"start":{"line":267,"column":60},"end":{"line":267,"column":63}},"67":{"start":{"line":270,"column":20},"end":{"line":276,"column":64}},"68":{"start":{"line":272,"column":22},"end":{"line":272,"column":49}},"69":{"start":{"line":273,"column":8},"end":{"line":273,"column":40}},"70":{"start":{"line":273,"column":28},"end":{"line":273,"column":40}},"71":{"start":{"line":274,"column":8},"end":{"line":274,"column":57}},"72":{"start":{"line":276,"column":60},"end":{"line":276,"column":63}},"73":{"start":{"line":278,"column":21},"end":{"line":284,"column":64}},"74":{"start":{"line":280,"column":22},"end":{"line":280,"column":59}},"75":{"start":{"line":281,"column":8},"end":{"line":281,"column":40}},"76":{"start":{"line":281,"column":28},"end":{"line":281,"column":40}},"77":{"start":{"line":282,"column":8},"end":{"line":282,"column":57}},"78":{"start":{"line":284,"column":60},"end":{"line":284,"column":63}},"79":{"start":{"line":286,"column":20},"end":{"line":292,"column":64}},"80":{"start":{"line":288,"column":22},"end":{"line":288,"column":55}},"81":{"start":{"line":289,"column":8},"end":{"line":289,"column":40}},"82":{"start":{"line":289,"column":28},"end":{"line":289,"column":40}},"83":{"start":{"line":290,"column":8},"end":{"line":290,"column":57}},"84":{"start":{"line":292,"column":60},"end":{"line":292,"column":63}},"85":{"start":{"line":295,"column":19},"end":{"line":301,"column":64}},"86":{"start":{"line":297,"column":22},"end":{"line":297,"column":52}},"87":{"start":{"line":298,"column":8},"end":{"line":298,"column":40}},"88":{"start":{"line":298,"column":28},"end":{"line":298,"column":40}},"89":{"start":{"line":299,"column":8},"end":{"line":299,"column":57}},"90":{"start":{"line":301,"column":60},"end":{"line":301,"column":63}},"91":{"start":{"line":303,"column":20},"end":{"line":309,"column":64}},"92":{"start":{"line":305,"column":22},"end":{"line":305,"column":62}},"93":{"start":{"line":306,"column":8},"end":{"line":306,"column":40}},"94":{"start":{"line":306,"column":28},"end":{"line":306,"column":40}},"95":{"start":{"line":307,"column":8},"end":{"line":307,"column":57}},"96":{"start":{"line":309,"column":60},"end":{"line":309,"column":63}},"97":{"start":{"line":311,"column":19},"end":{"line":317,"column":64}},"98":{"start":{"line":313,"column":22},"end":{"line":313,"column":54}},"99":{"start":{"line":314,"column":8},"end":{"line":314,"column":40}},"100":{"start":{"line":314,"column":28},"end":{"line":314,"column":40}},"101":{"start":{"line":315,"column":8},"end":{"line":315,"column":57}},"102":{"start":{"line":317,"column":60},"end":{"line":317,"column":63}},"103":{"start":{"line":319,"column":54},"end":{"line":319,"column":56}},"104":{"start":{"line":320,"column":54},"end":{"line":320,"column":56}},"105":{"start":{"line":321,"column":38},"end":{"line":321,"column":47}},"106":{"start":{"line":323,"column":4},"end":{"line":345,"column":5}},"107":{"start":{"line":324,"column":6},"end":{"line":324,"column":22}},"108":{"start":{"line":325,"column":6},"end":{"line":325,"column":22}},"109":{"start":{"line":326,"column":6},"end":{"line":326,"column":28}},"110":{"start":{"line":327,"column":11},"end":{"line":345,"column":5}},"111":{"start":{"line":328,"column":6},"end":{"line":328,"column":22}},"112":{"start":{"line":329,"column":11},"end":{"line":345,"column":5}},"113":{"start":{"line":330,"column":6},"end":{"line":336,"column":7}},"114":{"start":{"line":331,"column":8},"end":{"line":331,"column":26}},"115":{"start":{"line":333,"column":8},"end":{"line":333,"column":26}},"116":{"start":{"line":334,"column":8},"end":{"line":334,"column":27}},"117":{"start":{"line":335,"column":8},"end":{"line":335,"column":30}},"118":{"start":{"line":337,"column":11},"end":{"line":345,"column":5}},"119":{"start":{"line":338,"column":6},"end":{"line":344,"column":7}},"120":{"start":{"line":339,"column":8},"end":{"line":339,"column":25}},"121":{"start":{"line":341,"column":8},"end":{"line":341,"column":25}},"122":{"start":{"line":342,"column":8},"end":{"line":342,"column":26}},"123":{"start":{"line":343,"column":8},"end":{"line":343,"column":30}},"124":{"start":{"line":347,"column":23},"end":{"line":347,"column":24}},"125":{"start":{"line":348,"column":21},"end":{"line":348,"column":52}},"126":{"start":{"line":349,"column":21},"end":{"line":349,"column":78}},"127":{"start":{"line":351,"column":22},"end":{"line":351,"column":86}},"128":{"start":{"line":351,"column":45},"end":{"line":351,"column":52}},"129":{"start":{"line":351,"column":77},"end":{"line":351,"column":84}},"130":{"start":{"line":352,"column":16},"end":{"line":352,"column":64}},"131":{"start":{"line":353,"column":16},"end":{"line":353,"column":64}},"132":{"start":{"line":355,"column":4},"end":{"line":360,"column":6}},"133":{"start":{"line":363,"column":2},"end":{"line":482,"column":4}},"134":{"start":{"line":382,"column":29},"end":{"line":382,"column":68}},"135":{"start":{"line":389,"column":16},"end":{"line":394,"column":19}},"136":{"start":{"line":390,"column":51},"end":{"line":390,"column":83}},"137":{"start":{"line":391,"column":53},"end":{"line":391,"column":87}},"138":{"start":{"line":392,"column":50},"end":{"line":392,"column":81}},"139":{"start":{"line":403,"column":74},"end":{"line":403,"column":89}},"140":{"start":{"line":404,"column":76},"end":{"line":404,"column":92}},"141":{"start":{"line":405,"column":76},"end":{"line":405,"column":92}},"142":{"start":{"line":412,"column":84},"end":{"line":412,"column":106}},"143":{"start":{"line":413,"column":84},"end":{"line":413,"column":99}},"144":{"start":{"line":414,"column":78},"end":{"line":414,"column":95}},"145":{"start":{"line":415,"column":76},"end":{"
[...]
ry-expr","locations":[{"start":{"line":23,"column":12},"end":{"line":23,"column":24}},{"start":{"line":23,"column":28},"end":{"line":23,"column":32}}],"line":23},"5":{"loc":{"start":{"line":24,"column":19},"end":{"line":24,"column":46}},"type":"binary-expr","locations":[{"start":{"line":24,"column":19},"end":{"line":24,"column":38}},{"start":{"line":24,"column":42},"end":{"line":24,"column":46}}],"line":24},"6":{"loc":{"start":{"line":26,"column":11},"end":{"line":26,"column":30}},"type":"binary-expr","locations":[{"start":{"line":26,"column":11},"end":{"line":26,"column":22}},{"start":{"line":26,"column":26},"end":{"line":26,"column":30}}],"line":26},"7":{"loc":{"start":{"line":35,"column":2},"end":{"line":35,"column":44}},"type":"if","locations":[{"start":{"line":35,"column":2},"end":{"line":35,"column":44}},{"start":{},"end":{}}],"line":35},"8":{"loc":{"start":{"line":39,"column":37},"end":{"line":39,"column":47}},"type":"default-arg","locations":[{"start":{"line":39,"column":45},"end":{"line":39,"column":47}}],"line":39},"9":{"loc":{"start":{"line":46,"column":2},"end":{"line":46,"column":44}},"type":"if","locations":[{"start":{"line":46,"column":2},"end":{"line":46,"column":44}},{"start":{},"end":{}}],"line":46},"10":{"loc":{"start":{"line":47,"column":10},"end":{"line":47,"column":20}},"type":"binary-expr","locations":[{"start":{"line":47,"column":10},"end":{"line":47,"column":14}},{"start":{"line":47,"column":18},"end":{"line":47,"column":20}}],"line":47},"11":{"loc":{"start":{"line":57,"column":2},"end":{"line":57,"column":60}},"type":"if","locations":[{"start":{"line":57,"column":2},"end":{"line":57,"column":60}},{"start":{},"end":{}}],"line":57},"12":{"loc":{"start":{"line":60,"column":2},"end":{"line":60,"column":44}},"type":"if","locations":[{"start":{"line":60,"column":2},"end":{"line":60,"column":44}},{"start":{},"end":{}}],"line":60},"13":{"loc":{"start":{"line":62,"column":16},"end":{"line":62,"column":26}},"type":"binary-expr","locations":[{"start":{"line":62,"column":16},"end":{"line":62,"column":20}},{"start":{"line":62,"column":24},"end":{"line":62,"column":26}}],"line":62},"14":{"loc":{"start":{"line":63,"column":9},"end":{"line":63,"column":24}},"type":"binary-expr","locations":[{"start":{"line":63,"column":9},"end":{"line":63,"column":16}},{"start":{"line":63,"column":20},"end":{"line":63,"column":24}}],"line":63}},"s":{"0":0,"1":0,"2":0,"3":0,"4":0,"5":0,"6":0,"7":0,"8":0,"9":0,"10":0,"11":0,"12":0,"13":0,"14":0,"15":0,"16":0,"17":0,"18":0,"19":0,"20":0,"21":0,"22":0,"23":0,"24":0},"f":{"0":0,"1":0,"2":0,"3":0},"b":{"0":[0,0],"1":[0,0],"2":[0,0],"3":[0,0],"4":[0,0],"5":[0,0],"6":[0,0],"7":[0,0],"8":[0],"9":[0,0],"10":[0,0],"11":[0,0],"12":[0,0],"13":[0,0],"14":[0,0]}}
,"/Users/family/dev/lung-tracker-mobile/src/services/events.service.ts": {"path":"/Users/family/dev/lung-tracker-mobile/src/services/events.service.ts","statementMap":{"0":{"start":{"line":4,"column":14},"end":{"line":4,"column":22}},"1":{"start":{"line":7,"column":26},"end":{"line":7,"column":55}},"2":{"start":{"line":8,"column":2},"end":{"line":8,"column":44}},"3":{"start":{"line":8,"column":13},"end":{"line":8,"column":44}},"4":{"start":{"line":9,"column":2},"end":{"line":9,"column":55}},"5":{"start":{"line":9,"column":18},"end":{"line":9,"column":55}},"6":{"start":{"line":10,"column":2},"end":{"line":10,"column":22}},"7":{"start":{"line":14,"column":17},"end":{"line":14,"column":38}},"8":{"start":{"line":16,"column":18},"end":{"line":24,"column":3}},"9":{"start":{"line":26,"column":26},"end":{"line":30,"column":13}},"10":{"start":{"line":32,"column":2},"end":{"line":32,"column":44}},"11":{"start":{"line":32,"column":13},"end":{"line":32,"column":44}},"12":{"start":{"line":33,"column":2},"end":{"line":33,"column":23}},"13":{"start":{"line":37,"column":26},"end":{"line":41,"column":17}},"14":{"start":{"line":43,"column":2},"end":{"line":43,"column":44}},"15":{"start":{"line":43,"column":13},"end":{"line":43,"column":44}},"16":{"start":{"line":44,"column":2},"end":{"line":44,"column":33}},"17":{"start":{"line":48,"column":26},"end":{"line":52,"column":13}},"18":{"start":{"line":54,"column":2},"end":{"line":54,"column":44}},"19":{"start":{"line":54,"column":13},"end":{"line":54,"column":44}},"20":{"start":{"line":55,"column":15},"end":{"line":55,"column":38}},"21":{"start":{"line":56,"column":2},"end":{"line":56,"column":25}}},"fnMap":{"0":{"name":"requireUserId","decl":{"start":{"line":6,"column":15},"end":{"line":6,"column":28}},"loc":{"start":{"line":6,"column":48},"end":{"line":11,"column":1}},"line":6},"1":{"name":"createEvent","decl":{"start":{"line":13,"column":22},"end":{"line":13,"column":33}},"loc":{"start":{"line":13,"column":75},"end":{"line":34,"column":1}},"line":13},"2":{"name":"listEvents","decl":{"start":{"line":36,"column":22},"end":{"line":36,"column":32}},"loc":{"start":{"line":36,"column":63},"end":{"line":45,"column":1}},"line":36},"3":{"name":"getLatestEvent","decl":{"start":{"line":47,"column":22},"end":{"line":47,"column":36}},"loc":{"start":{"line":47,"column":62},"end":{"line":57,"column":1}},"line":47}},"branchMap":{"0":{"loc":{"start":{"line":8,"column":2},"end":{"line":8,"column":44}},"type":"if","locations":[{"start":{"line":8,"column":2},"end":{"line":8,"column":44}},{"start":{},"end":{}}],"line":8},"1":{"loc":{"start":{"line":9,"column":2},"end":{"line":9,"column":55}},"type":"if","locations":[{"start":{"line":9,"column":2},"end":{"line":9,"column":55}},{"start":{},"end":{}}],"line":9},"2":{"loc":{"start":{"line":21,"column":11},"end":{"line":21,"column":30}},"type":"binary-expr","locations":[{"start":{"line":21,"column":11},"end":{"line":21,"column":22}},{"start":{"line":21,"column":26},"end":{"line":21,"column":30}}],"line":21},"3":{"loc":{"start":{"line":22,"column":21},"end":{"line":22,"column":51}},"type":"binary-expr","locations":[{"start":{"line":22,"column":21},"end":{"line":22,"column":42}},{"start":{"line":22,"column":46},"end":{"line":22,"column":51}}],"line":22},"4":{"loc":{"start":{"line":23,"column":25},"end":{"line":23,"column":59}},"type":"binary-expr","locations":[{"start":{"line":23,"column":25},"end":{"line":23,"column":50}},{"start":{"line":23,"column":54},"end":{"line":23,"column":59}}],"line":23},"5":{"loc":{"start":{"line":32,"column":2},"end":{"line":32,"column":44}},"type":"if","locations":[{"start":{"line":32,"column":2},"end":{"line":32,"column":44}},{"start":{},"end":{}}],"line":32},"6":{"loc":{"start":{"line":36,"column":33},"end":{"line":36,"column":43}},"type":"default-arg","locations":[{"start":{"line":36,"column":41},"end":{"line":36,"column":43}}],"line":36},"7":{"loc":{"start":{"line":43,"column":2},"end":{"line":43,"column":44}},"type":"if","locations":[{"start":{"line":43,"column":2},"end":{"line":43,"column":44}},{"start":{},"end":{}}],"line":43},"8":{"loc":{"start":{"line":44,"column":10},"end":{"line":44,"column":20}},"type":"binary-expr","locations":[{"start":{"line":44,"column":10},"end":{"line":44,"column":14}},{"start":{"line":44,"column":18},"end":{"line":44,"column":20}}],"line":44},"9":{"loc":{"start":{"line":54,"column":2},"end":{"line":54,"column":44}},"type":"if","locations":[{"start":{"line":54,"column":2},"end":{"line":54,"column":44}},{"start":{},"end":{}}],"line":54},"10":{"loc":{"start":{"line":55,"column":16},"end":{"line":55,"column":26}},"type":"binary-expr","locations":[{"start":{"line":55,"column":16},"end":{"line":55,"column":20}},{"start":{"line":55,"column":24},"end":{"line":55,"column":26}}],"line":55},"11":{"loc":{"start":{"line":56,"column":9},"end":{"line":56,"column":24}},"type":"binary-expr","locations":[{"start":{"line":56,"column":9},"end":{"line":56,"column":16}},{"start":{"line":56,"column":20},"end":{"line":56,"column":24}}],"line":56}},"s":{"0":0,"1":0,"2":0,"3":0,"4":0,"5":0,"6":0,"7":0,"8":0,"9":0,"10":0,"11":0,"12":0,"13":0,"14":0,"15":0,"16":0,"17":0,"18":0,"19":0,"20":0,"21":0},"f":{"0":0,"1":0,"2":0,"3":0},"b":{"0":[0,0],"1":[0,0],"2":[0,0],"3":[0,0],"4":[0,0],"5":[0,0],"6":[0],"7":[0,0],"8":[0,0],"9":[0,0],"10":[0,0],"11":[0,0]}}
,"/Users/family/dev/lung-tracker-mobile/src/services/supabase.ts": {"path":"/Users/family/dev/lung-tracker-mobile/src/services/supabase.ts","statementMap":{"0":{"start":{"line":4,"column":14},"end":{"line":7,"column":1}},"1":{"start":{"line":9,"column":0},"end":{"line":14,"column":1}},"2":{"start":{"line":10,"column":2},"end":{"line":13,"column":4}},"3":{"start":{"line":16,"column":0},"end":{"line":19,"column":3}},"4":{"start":{"line":21,"column":24},"end":{"line":24,"column":1}}},"fnMap":{},"branchMap":{"0":{"loc":{"start":{"line":9,"column":0},"end":{"line":14,"column":1}},"type":"if","locations":[{"start":{"line":9,"column":0},"end":{"line":14,"column":1}},{"start":{},"end":{}}],"line":9},"1":{"loc":{"start":{"line":9,"column":4},"end":{"line":9,"column":50}},"type":"binary-expr","locations":[{"start":{"line":9,"column":4},"end":{"line":9,"column":23}},{"start":{"line":9,"column":27},"end":{"line":9,"column":50}}],"line":9}},"s":{"0":0,"1":0,"2":0,"3":0,"4":0},"f":{},"b":{"0":[0,0],"1":[0,0]}}
,"/Users/family/dev/lung-tracker-mobile/src/services/vitals.service.ts": {"path":"/Users/family/dev/lung-tracker-mobile/src/services/vitals.service.ts","statementMap":{"0":{"start":{"line":4,"column":14},"end":{"line":4,"column":30}},"1":{"start":{"line":12,"column":26},"end":{"line":12,"column":55}},"2":{"start":{"line":13,"column":2},"end":{"line":13,"column":44}},"3":{"start":{"line":13,"column":13},"end":{"line":13,"column":44}},"4":{"start":{"line":14,"column":2},"end":{"line":14,"column":55}},"5":{"start":{"line":14,"column":18},"end":{"line":14,"column":55}},"6":{"start":{"line":15,"column":2},"end":{"line":15,"column":22}},"7":{"start":{"line":19,"column":17},"end":{"line":19,"column":38}},"8":{"start":{"line":21,"column":18},"end":{"line":39,"column":3}},"9":{"start":{"line":41,"column":26},"end":{"line":45,"column":13}},"10":{"start":{"line":47,"column":2},"end":{"line":47,"column":44}},"11":{"start":{"line":47,"column":13},"end":{"line":47,"column":44}},"12":{"start":{"line":48,"column":2},"end":{"line":48,"column":29}},"13":{"start":{"line":52,"column":26},"end":{"line":56,"column":17}},"14":{"start":{"line":58,"column":2},"end":{"line":58,"column":44}},"15":{"start":{"line":58,"column":13},"end":{"line":58,"column":44}},"16":{"start":{"line":59,"column":2},"end":{"line":59,"column":39}},"17":{"start":{"line":63,"column":26},"end":{"line":67,"column":13}},"18":{"start":{"line":69,"column":2},"end":{"line":69,"column":44}},"19":{"start":{"line":69,"column":13},"end":{"line":69,"column":44}},"20":{"start":{"line":70,"column":15},"end":{"line":70,"column":44}},"21":{"start":{"line":71,"column":2},"end":{"line":71,"column":25}}},"fnMap":{"0":{"name":"requireUserId","decl":{"start":{"line":11,"column":15},"end":{"line":11,"column":28}},"loc":{"start":{"line":11,"column":48},"end":{"line":16,"column":1}},"line":11},"1":{"name":"createVitalsEntry","decl":{"start":{"line":18,"column":22},"end":{"line":18,"column":39}},"loc":{"start":{"line":18,"column":93},"end":{"line":49,"column":1}},"line":18},"2":{"name":"listVitalsEntries","decl":{"start":{"line":51,"column":22},"end":{"line":51,"column":39}},"loc":{"start":{"line":51,"column":76},"end":{"line":60,"column":1}},"line":51},"3":{"name":"getLatestVitalsEntry","decl":{"start":{"line":62,"column":22},"end":{"line":62,"column":42}},"loc":{"start":{"line":62,"column":74},"end":{"line":72,"column":1}},"line":62}},"branchMap":{"0":{"loc":{"start":{"line":13,"column":2},"end":{"line":13,"column":44}},"type":"if","locations":[{"start":{"line":13,"column":2},"end":{"line":13,"column":44}},{"start":{},"end":{}}],"line":13},"1":{"loc":{"start":{"line":14,"column":2},"end":{"line":14,"column":55}},"type":"if","locations":[{"start":{"line":14,"column":2},"end":{"line":14,"column":55}},{"start":{},"end":{}}],"line":14},"2":{"loc":{"start":{"line":25,"column":15},"end":{"line":25,"column":38}},"type":"binary-expr","locations":[{"start":{"line":25,"column":15},"end":{"line":25,"column":30}},{"start":{"line":25,"column":34},"end":{"line":25,"column":38}}],"line":25},"3":{"loc":{"start":{"line":26,"column":14},"end":{"line":26,"column":36}},"type":"binary-expr","locations":[{"start":{"line":26,"column":14},"end":{"line":26,"column":28}},{"start":{"line":26,"column":32},"end":{"line":26,"column":36}}],"line":26},"4":{"loc":{"start":{"line":27,"column":15},"end":{"line":27,"column":38}},"type":"binary-expr","locations":[{"start":{"line":27,"column":15},"end":{"line":27,"column":30}},{"start":{"line":27,"column":34},"end":{"line":27,"column":38}}],"line":27},"5":{"loc":{"start":{"line":29,"column":12},"end":{"line":29,"column":32}},"type":"binary-expr","locations":[{"start":{"line":29,"column":12},"end":{"line":29,"column":24}},{"start":{"line":29,"column":28},"end":{"line":29,"column":32}}],"line":29},"6":{"loc":{"start":{"line":30,"column":22},"end":{"line":30,"column":52}},"type":"binary-expr","locations":[{"start":{"line":30,"column":22},"end":{"line":30,"column":44}},{"start":{"line":30,"column":48},"end":{"line":30,"column":52}}],"line":30},"7":{"loc":{"start":{"line":31,"column":18},"end":{"line":31,"column":44}},"type":"binary-expr","locations":[{"start":{"line":31,"column":18},"end":{"line":31,"column":36}},{"start":{"line":31,"column":40},"end":{"line":31,"column":44}}],"line":31},"8":{"loc":{"start":{"line":33,"column":15},"end":{"line":33,"column":38}},"type":"binary-expr","locations":[{"start":{"line":33,"column":15},"end":{"line":33,"column":30}},{"start":{"line":33,"column":34},"end":{"line":33,"column":38}}],"line":33},"9":{"loc":{"start":{"line":34,"column":25},"end":{"line":34,"column":58}},"type":"binary-expr","locations":[{"start":{"line":34,"column":25},"end":{"line":34,"column":50}},{"start":{"line":34,"column":54},"end":{"line":34,"column":58}}],"line":34},"10":{"loc":{"start":{"line":35,"column":17},"end":{"line":35,"column":42}},"type":"binary-expr","locations":[{"start":{"line":35,"column":17},"end":{"line":35,"column":34}},{"start":{"line":35,"column":38},"end":{"line":35,"column":42}}],"line":35},"11":{"loc":{"start":{"line":37,"column":11},"end":{"line":37,"column":30}},"type":"binary-expr","locations":[{"start":{"line":37,"column":11},"end":{"line":37,"column":22}},{"start":{"line":37,"column":26},"end":{"line":37,"column":30}}],"line":37},"12":{"loc":{"start":{"line":38,"column":12},"end":{"line":38,"column":36}},"type":"binary-expr","locations":[{"start":{"line":38,"column":12},"end":{"line":38,"column":24}},{"start":{"line":38,"column":28},"end":{"line":38,"column":36}}],"line":38},"13":{"loc":{"start":{"line":47,"column":2},"end":{"line":47,"column":44}},"type":"if","locations":[{"start":{"line":47,"column":2},"end":{"line":47,"column":44}},{"start":{},"end":{}}],"line":47},"14":{"loc":{"start":{"line":51,"column":40},"end":{"line":51,"column":50}},"type":"default-arg","locations":[{"start":{"line":51,"column":48},"end":{"line":51,"column":50}}],"line":51},"15":{"loc":{"start":{"line":58,"column":2},"end":{"line":58,"column":44}},"type":"if","locations":[{"start":{"line":58,"column":2},"end":{"line":58,"column":44}},{"start":{},"end":{}}],"line":58},"16":{"loc":{"start":{"line":59,"column":10},"end":{"line":59,"column":20}},"type":"binary-expr","locations":[{"start":{"line":59,"column":10},"end":{"line":59,"column":14}},{"start":{"line":59,"column":18},"end":{"line":59,"column":20}}],"line":59},"17":{"loc":{"start":{"line":69,"column":2},"end":{"line":69,"column":44}},"type":"if","locations":[{"start":{"line":69,"column":2},"end":{"line":69,"column":44}},{"start":{},"end":{}}],"line":69},"18":{"loc":{"start":{"line":70,"column":16},"end":{"line":70,"column":26}},"type":"binary-expr","locations":[{"start":{"line":70,"column":16},"end":{"line":70,"column":20}},{"start":{"line":70,"column":24},"end":{"line":70,"column":26}}],"line":70},"19":{"loc":{"start":{"line":71,"column":9},"end":{"line":71,"column":24}},"type":"binary-expr","locations":[{"start":{"line":71,"column":9},"end":{"line":71,"column":16}},{"start":{"line":71,"column":20},"end":{"line":71,"column":24}}],"line":71}},"s":{"0":1,"1":6,"2":6,"3":2,"4":4,"5":0,"6":4,"7":6,"8":4,"9":4,"10":4,"11":1,"12":3,"13":0,"14":0,"15":0,"16":0,"17":0,"18":0,"19":0,"20":0,"21":0},"f":{"0":6,"1":6,"2":0,"3":0},"b":{"0":[2,4],"1":[0,4],"2":[4,3],"3":[4,3],"4":[4,3],"5":[4,3],"6":[4,4],"7":[4,4],"8":[4,4],"9":[4,4],"10":[4,4],"11":[4,3],"12":[4,3],"13":[1,3],"14":[0],"15":[0,0],"16":[0,0],"17":[0,0],"18":[0,0],"19":[0,0]},"_coverageSchema":"1a1c01bbd47fc00a2c39e90264f33305004495a9","hash":"ba3dbc0f2eeccd451ca852d04a0e34b23a0d1e08"}
,"/Users/family/dev/lung-tracker-mobile/src/ui/Fab.tsx": {"path":"/Users/family/dev/lung-tracker-mobile/src/ui/Fab.tsx","statementMap":{"0":{"start":{"line":17,"column":17},"end":{"line":17,"column":36}},"1":{"start":{"line":18,"column":2},"end":{"line":37,"column":4}},"2":{"start":{"line":40,"column":15},"end":{"line":58,"column":2}}},"fnMap":{"0":{"name":"Fab","decl":{"start":{"line":16,"column":16},"end":{"line":16,"column":19}},"loc":{"start":{"line":16,"column":66},"end":{"line":38,"column":1}},"line":16}},"branchMap":{},"s":{"0":0,"1":0,"2":0},"f":{"0":0},"b":{}}
,"/Users/family/dev/lung-tracker-mobile/src/ui/Icon.tsx": {"path":"/Users/family/dev/lung-tracker-mobile/src/ui/Icon.tsx","statementMap":{"0":{"start":{"line":21,"column":2},"end":{"line":28,"column":4}}},"fnMap":{"0":{"name":"Icon","decl":{"start":{"line":14,"column":16},"end":{"line":14,"column":20}},"loc":{"start":{"line":20,"column":17},"end":{"line":29,"column":1}},"line":20}},"branchMap":{"0":{"loc":{"start":{"line":16,"column":2},"end":{"line":16,"column":24}},"type":"default-arg","locations":[{"start":{"line":16,"column":9},"end":{"line":16,"column":24}}],"line":16},"1":{"loc":{"start":{"line":17,"column":2},"end":{"line":17,"column":34}},"type":"default-arg","locations":[{"start":{"line":17,"column":10},"end":{"line":17,"column":34}}],"line":17},"2":{"loc":{"start":{"line":18,"column":2},"end":{"line":18,"column":33}},"type":"default-arg","locations":[{"start":{"line":18,"column":16},"end":{"line":18,"column":33}}],"line":18}},"s":{"0":0},"f":{"0":0},"b":{"0":[0],"1":[0],"2":[0]}}
,"/Users/family/dev/lung-tracker-mobile/src/ui/IconButton.tsx": {"path":"/Users/family/dev/lung-tracker-mobile/src/ui/IconButton.tsx","statementMap":{"0":{"start":{"line":30,"column":2},"end":{"line":40,"column":4}}},"fnMap":{"0":{"name":"IconButton","decl":{"start":{"line":20,"column":16},"end":{"line":20,"column":26}},"loc":{"start":{"line":29,"column":10},"end":{"line":41,"column":1}},"line":29}},"branchMap":{"0":{"loc":{"start":{"line":23,"column":2},"end":{"line":23,"column":24}},"type":"default-arg","locations":[{"start":{"line":23,"column":9},"end":{"line":23,"column":24}}],"line":23},"1":{"loc":{"start":{"line":24,"column":2},"end":{"line":24,"column":34}},"type":"default-arg","locations":[{"start":{"line":24,"column":10},"end":{"line":24,"column":34}}],"line":24},"2":{"loc":{"start":{"line":25,"column":2},"end":{"line":25,"column":33}},"type":"default-arg","locations":[{"start":{"line":25,"column":16},"end":{"line":25,"column":33}}],"line":25},"3":{"loc":{"start":{"line":26,"column":2},"end":{"line":26,"column":14}},"type":"default-arg","locations":[{"start":{"line":26,"column":12},"end":{"line":26,"column":14}}],"line":26}},"s":{"0":0},"f":{"0":0},"b":{"0":[0],"1":[0],"2":[0],"3":[0]}}
,"/Users/family/dev/lung-tracker-mobile/src/ui/icons.tsx": {"path":"/Users/family/dev/lung-tracker-mobile/src/ui/icons.tsx","statementMap":{"0":{"start":{"line":14,"column":21},"end":{"line":21,"column":10}}},"fnMap":{},"branchMap":{},"s":{"0":0},"f":{},"b":{}}
,"/Users/family/dev/lung-tracker-mobile/src/ui/theme.ts": {"path":"/Users/family/dev/lung-tracker-mobile/src/ui/theme.ts","statementMap":{"0":{"start":{"line":3,"column":21},"end":{"line":73,"column":10}}},"fnMap":{},"branchMap":{},"s":{"0":0},"f":{},"b":{}}
}
