TN:
SF:src/app.tsx
FN:4,App
FNF:1
FNH:0
FNDA:0,App
DA:5,0
LF:1
LH:0
BRF:0
BRH:0
end_of_record
TN:
SF:src/email/resend.ts
FN:6,sendReportLinkEmail
FNF:1
FNH:0
FNDA:0,sendReportLinkEmail
DA:4,0
DA:11,0
DA:13,0
LF:3
LH:0
BRF:0
BRH:0
end_of_record
TN:
SF:src/hooks/useActivities.ts
FN:7,(anonymous_0)
FN:8,(anonymous_1)
FN:11,useActivitiesList
FN:14,(anonymous_3)
FN:18,useLatestActivity
FN:21,(anonymous_5)
FN:25,useCreateActivity
FN:29,(anonymous_7)
FN:30,(anonymous_8)
FNF:9
FNH:0
FNDA:0,(anonymous_0)
FNDA:0,(anonymous_1)
FNDA:0,useActivitiesList
FNDA:0,(anonymous_3)
FNDA:0,useLatestActivity
FNDA:0,(anonymous_5)
FNDA:0,useCreateActivity
FNDA:0,(anonymous_7)
FNDA:0,(anonymous_8)
DA:5,0
DA:7,0
DA:8,0
DA:12,0
DA:14,0
DA:19,0
DA:21,0
DA:26,0
DA:28,0
DA:29,0
DA:31,0
LF:11
LH:0
BRDA:8,0,0,0
BRDA:8,0,1,0
BRDA:11,1,0,0
BRF:3
BRH:0
end_of_record
TN:
SF:src/hooks/useAuth.ts
FN:5,useAuth
FN:11,(anonymous_1)
FN:14,(anonymous_2)
FN:22,(anonymous_3)
FN:26,(anonymous_4)
FNF:5
FNH:5
FNDA:14,useAuth
FNDA:6,(anonymous_1)
FNDA:6,(anonymous_2)
FNDA:2,(anonymous_3)
FNDA:6,(anonymous_4)
DA:6,14
DA:7,14
DA:11,14
DA:12,6
DA:14,6
DA:15,6
DA:16,6
DA:17,6
DA:18,6
DA:22,6
DA:23,2
DA:26,6
DA:27,6
DA:28,6
DA:32,14
LF:15
LH:15
BRDA:15,0,0,0
BRDA:15,0,1,6
BRDA:16,1,0,1
BRDA:16,1,1,5
BRDA:17,2,0,6
BRDA:17,2,1,4
BRDA:34,3,0,14
BRDA:34,3,1,11
BRF:8
BRH:7
end_of_record
TN:
SF:src/hooks/useEvents.ts
FN:7,(anonymous_0)
FN:11,useEventsList
FN:14,(anonymous_2)
FN:18,useLatestEvent
FN:21,(anonymous_4)
FN:25,useCreateEvent
FN:29,(anonymous_6)
FN:30,(anonymous_7)
FNF:8
FNH:0
FNDA:0,(anonymous_0)
FNDA:0,useEventsList
FNDA:0,(anonymous_2)
FNDA:0,useLatestEvent
FNDA:0,(anonymous_4)
FNDA:0,useCreateEvent
FNDA:0,(anonymous_6)
FNDA:0,(anonymous_7)
DA:5,0
DA:7,0
DA:12,0
DA:14,0
DA:19,0
DA:21,0
DA:26,0
DA:28,0
DA:29,0
DA:31,0
LF:10
LH:0
BRDA:11,0,0,0
BRF:1
BRH:0
end_of_record
TN:
SF:src/hooks/useVitals.ts
FN:7,(anonymous_0)
FN:11,useVitalsList
FN:14,(anonymous_2)
FN:18,useLatestVitals
FN:21,(anonymous_4)
FN:25,useCreateVitals
FN:29,(anonymous_6)
FN:30,(anonymous_7)
FNF:8
FNH:0
FNDA:0,(anonymous_0)
FNDA:0,useVitalsList
FNDA:0,(anonymous_2)
FNDA:0,useLatestVitals
FNDA:0,(anonymous_4)
FNDA:0,useCreateVitals
FNDA:0,(anonymous_6)
FNDA:0,(anonymous_7)
DA:5,0
DA:7,0
DA:12,0
DA:14,0
DA:19,0
DA:21,0
DA:26,0
DA:28,0
DA:29,0
DA:32,0
LF:10
LH:0
BRDA:11,0,0,0
BRF:1
BRH:0
end_of_record
TN:
SF:src/models/activity.ts
FNF:0
FNH:0
LF:0
LH:0
BRF:0
BRH:0
end_of_record
TN:
SF:src/models/event.ts
FNF:0
FNH:0
LF:0
LH:0
BRF:0
BRH:0
end_of_record
TN:
SF:src/models/vitals.ts
FNF:0
FNH:0
LF:0
LH:0
BRF:0
BRH:0
end_of_record
TN:
SF:src/navigation/AppTabs.tsx
FN:24,AppTabs
FN:27,(anonymous_1)
FN:46,(anonymous_2)
FNF:3
FNH:0
FNDA:0,AppTabs
FNDA:0,(anonymous_1)
FNDA:0,(anonymous_2)
DA:21,0
DA:25,0
DA:27,0
DA:48,0
DA:58,0
LF:5
LH:0
BRDA:48,0,0,0
BRDA:48,0,1,0
BRDA:50,1,0,0
BRDA:50,1,1,0
BRDA:52,2,0,0
BRDA:52,2,1,0
BRDA:54,3,0,0
BRDA:54,3,1,0
BRF:8
BRH:0
end_of_record
TN:
SF:src/navigation/AuthStack.tsx
FN:12,AuthStack
FNF:1
FNH:0
FNDA:0,AuthStack
DA:10,0
DA:13,0
LF:2
LH:0
BRF:0
BRH:0
end_of_record
TN:
SF:src/navigation/RootNavigator.tsx
FN:28,RootNavigator
FNF:1
FNH:0
FNDA:0,RootNavigator
DA:19,0
DA:29,0
DA:31,0
DA:32,0
DA:39,0
DA:40,0
DA:43,0
LF:7
LH:0
BRDA:31,0,0,0
BRDA:31,0,1,0
BRDA:39,1,0,0
BRDA:39,1,1,0
BRF:4
BRH:0
end_of_record
TN:
SF:src/reporting/pdf.ts
FN:3,htmlToPdfBuffer
FNF:1
FNH:0
FNDA:0,htmlToPdfBuffer
DA:4,0
DA:8,0
DA:9,0
DA:10,0
DA:12,0
DA:18,0
DA:20,0
LF:7
LH:0
BRF:0
BRH:0
end_of_record
TN:
SF:src/reporting/reportData.ts
FN:4,fetchReportData
FNF:1
FNH:0
FNDA:0,fetchReportData
DA:9,0
DA:11,0
DA:19,0
DA:27,0
DA:35,0
DA:36,0
DA:37,0
DA:39,0
DA:40,0
DA:41,0
DA:43,0
DA:49,0
LF:12
LH:0
BRDA:35,0,0,0
BRDA:35,0,1,0
BRDA:36,1,0,0
BRDA:36,1,1,0
BRDA:37,2,0,0
BRDA:37,2,1,0
BRDA:39,3,0,0
BRDA:39,3,1,0
BRDA:40,4,0,0
BRDA:40,4,1,0
BRDA:41,5,0,0
BRDA:41,5,1,0
BRF:12
BRH:0
end_of_record
TN:
SF:src/reporting/reportTemplate.ts
FN:4,renderReportHtml
FN:14,(anonymous_1)
FN:17,(anonymous_2)
FN:19,(anonymous_3)
FN:24,(anonymous_4)
FN:223,renderMetricCard
FN:254,escapeHtml
FNF:7
FNH:0
FNDA:0,renderReportHtml
FNDA:0,(anonymous_1)
FNDA:0,(anonymous_2)
FNDA:0,(anonymous_3)
FNDA:0,(anonymous_4)
FNDA:0,renderMetricCard
FNDA:0,escapeHtml
DA:12,0
DA:14,0
DA:15,0
DA:18,0
DA:19,0
DA:24,0
DA:25,0
DA:26,0
DA:27,0
DA:28,0
DA:31,0
DA:32,0
DA:34,0
DA:40,0
DA:46,0
DA:235,0
DA:236,0
DA:237,0
DA:238,0
DA:239,0
DA:241,0
DA:255,0
LF:22
LH:0
BRDA:19,0,0,0
BRDA:19,0,1,0
BRDA:25,1,0,0
BRDA:25,1,1,0
BRDA:26,2,0,0
BRDA:26,2,1,0
BRDA:27,3,0,0
BRDA:27,3,1,0
BRDA:235,4,0,0
BRDA:235,4,1,0
BRDA:237,5,0,0
BRDA:237,5,1,0
BRDA:238,6,0,0
BRDA:238,6,1,0
BRDA:239,7,0,0
BRDA:239,7,1,0
BRF:16
BRH:0
end_of_record
TN:
SF:src/screens/AddActivity/AddActivityScreen.tsx
FN:6,toNumberOrNull
FN:13,AddActivityScreen
FN:22,(anonymous_2)
FNF:3
FNH:0
FNDA:0,toNumberOrNull
FNDA:0,AddActivityScreen
FNDA:0,(anonymous_2)
DA:7,0
DA:8,0
DA:9,0
DA:10,0
DA:14,0
DA:15,0
DA:17,0
DA:18,0
DA:19,0
DA:20,0
DA:22,0
DA:23,0
DA:24,0
DA:31,0
DA:33,0
DA:37,0
LF:16
LH:0
BRDA:8,0,0,0
BRDA:8,0,1,0
BRDA:10,1,0,0
BRDA:10,1,1,0
BRDA:26,2,0,0
BRDA:26,2,1,0
BRDA:68,3,0,0
BRDA:68,3,1,0
BRF:8
BRH:0
end_of_record
TN:
SF:src/screens/AddEvent/AddEventScreen.tsx
FN:6,AddEventScreen
FN:13,(anonymous_1)
FNF:2
FNH:0
FNDA:0,AddEventScreen
FNDA:0,(anonymous_1)
DA:7,0
DA:8,0
DA:10,0
DA:11,0
DA:13,0
DA:14,0
DA:15,0
DA:20,0
DA:22,0
DA:26,0
LF:10
LH:0
BRDA:18,0,0,0
BRDA:18,0,1,0
BRDA:43,1,0,0
BRDA:43,1,1,0
BRDA:45,2,0,0
BRDA:45,2,1,0
BRF:6
BRH:0
end_of_record
TN:
SF:src/screens/AddVitals/AddVitalsScreen.tsx
FN:6,toNumberOrNull
FN:13,AddVitalsScreen
FN:21,(anonymous_2)
FNF:3
FNH:0
FNDA:0,toNumberOrNull
FNDA:0,AddVitalsScreen
FNDA:0,(anonymous_2)
DA:7,0
DA:8,0
DA:9,0
DA:10,0
DA:14,0
DA:15,0
DA:17,0
DA:18,0
DA:19,0
DA:21,0
DA:22,0
DA:23,0
DA:29,0
DA:31,0
DA:35,0
LF:15
LH:0
BRDA:8,0,0,0
BRDA:8,0,1,0
BRDA:10,1,0,0
BRDA:10,1,1,0
BRDA:60,2,0,0
BRDA:60,2,1,0
BRF:6
BRH:0
end_of_record
TN:
SF:src/screens/Auth/LoginScreen.tsx
FN:9,LoginScreen
FN:13,(anonymous_1)
FN:46,(anonymous_2)
FNF:3
FNH:0
FNDA:0,LoginScreen
FNDA:0,(anonymous_1)
FNDA:0,(anonymous_2)
DA:10,0
DA:11,0
DA:13,0
DA:14,0
DA:15,0
DA:16,0
DA:18,0
DA:19,0
DA:23,0
DA:46,0
LF:10
LH:0
BRDA:15,0,0,0
BRDA:15,0,1,0
BRF:2
BRH:0
end_of_record
TN:
SF:src/screens/Auth/SignupScreen.tsx
FN:9,SignupScreen
FN:13,(anonymous_1)
FN:47,(anonymous_2)
FNF:3
FNH:0
FNDA:0,SignupScreen
FNDA:0,(anonymous_1)
FNDA:0,(anonymous_2)
DA:10,0
DA:11,0
DA:13,0
DA:14,0
DA:15,0
DA:17,0
DA:21,0
DA:24,0
DA:47,0
LF:9
LH:0
BRDA:15,0,0,0
BRDA:15,0,1,0
BRF:2
BRH:0
end_of_record
TN:
SF:src/screens/Dashboard/DashboardScreen.tsx
FN:16,toNumberOrNull
FN:23,DashboardScreen
FN:37,(anonymous_2)
FN:64,(anonymous_3)
FN:92,(anonymous_4)
FN:132,(anonymous_5)
FN:138,(anonymous_6)
FN:301,(anonymous_7)
FN:303,(anonymous_8)
FN:304,(anonymous_9)
FN:305,(anonymous_10)
FNF:11
FNH:0
FNDA:0,toNumberOrNull
FNDA:0,DashboardScreen
FNDA:0,(anonymous_2)
FNDA:0,(anonymous_3)
FNDA:0,(anonymous_4)
FNDA:0,(anonymous_5)
FNDA:0,(anonymous_6)
FNDA:0,(anonymous_7)
FNDA:0,(anonymous_8)
FNDA:0,(anonymous_9)
FNDA:0,(anonymous_10)
DA:17,0
DA:18,0
DA:19,0
DA:20,0
DA:24,0
DA:25,0
DA:26,0
DA:29,0
DA:30,0
DA:32,0
DA:33,0
DA:34,0
DA:35,0
DA:37,0
DA:38,0
DA:39,0
DA:48,0
DA:49,0
DA:50,0
DA:51,0
DA:53,0
DA:58,0
DA:59,0
DA:61,0
DA:62,0
DA:64,0
DA:65,0
DA:66,0
DA:67,0
DA:68,0
DA:71,0
DA:72,0
DA:80,0
DA:81,0
DA:82,0
DA:84,0
DA:88,0
DA:89,0
DA:90,0
DA:92,0
DA:93,0
DA:94,0
DA:102,0
DA:103,0
DA:104,0
DA:105,0
DA:107,0
DA:111,0
DA:132,0
DA:138,0
DA:302,0
DA:303,0
DA:304,0
DA:305,0
DA:314,0
LF:55
LH:0
BRDA:18,0,0,0
BRDA:18,0,1,0
BRDA:20,1,0,0
BRDA:20,1,1,0
BRDA:53,2,0,0
BRDA:53,2,1,0
BRDA:66,3,0,0
BRDA:66,3,1,0
BRDA:75,4,0,0
BRDA:75,4,1,0
BRDA:84,5,0,0
BRDA:84,5,1,0
BRDA:107,6,0,0
BRDA:107,6,1,0
BRDA:148,7,0,0
BRDA:148,7,1,0
BRDA:150,8,0,0
BRDA:150,8,1,0
BRDA:153,9,0,0
BRDA:153,9,1,0
BRDA:153,10,0,0
BRDA:153,10,1,0
BRDA:154,11,0,0
BRDA:154,11,1,0
BRDA:189,12,0,0
BRDA:189,12,1,0
BRDA:198,13,0,0
BRDA:198,13,1,0
BRDA:200,14,0,0
BRDA:200,14,1,0
BRDA:205,15,0,0
BRDA:205,15,1,0
BRDA:207,16,0,0
BRDA:207,16,1,0
BRDA:209,17,0,0
BRDA:209,17,1,0
BRDA:251,18,0,0
BRDA:251,18,1,0
BRDA:260,19,0,0
BRDA:260,19,1,0
BRDA:262,20,0,0
BRDA:262,20,1,0
BRDA:291,21,0,0
BRDA:291,21,1,0
BRF:44
BRH:0
end_of_record
TN:
SF:src/screens/History/HistoryScreen.tsx
FN:15,HistoryScreen
FN:42,(anonymous_1)
FN:48,(anonymous_2)
FN:67,(anonymous_3)
FN:98,(anonymous_4)
FN:130,(anonymous_5)
FN:148,(anonymous_6)
FN:150,(anonymous_7)
FN:151,(anonymous_8)
FN:152,(anonymous_9)
FNF:10
FNH:0
FNDA:0,HistoryScreen
FNDA:0,(anonymous_1)
FNDA:0,(anonymous_2)
FNDA:0,(anonymous_3)
FNDA:0,(anonymous_4)
FNDA:0,(anonymous_5)
FNDA:0,(anonymous_6)
FNDA:0,(anonymous_7)
FNDA:0,(anonymous_8)
FNDA:0,(anonymous_9)
DA:16,0
DA:17,0
DA:18,0
DA:19,0
DA:21,0
DA:42,0
DA:48,0
DA:68,0
DA:99,0
DA:131,0
DA:149,0
DA:150,0
DA:151,0
DA:152,0
DA:161,0
LF:15
LH:0
BRDA:60,0,0,0
BRDA:60,0,1,0
BRDA:62,1,0,0
BRDA:62,1,1,0
BRDA:64,2,0,0
BRDA:64,2,1,0
BRDA:64,3,0,0
BRDA:64,3,1,0
BRDA:67,4,0,0
BRDA:67,4,1,0
BRDA:76,5,0,0
BRDA:76,5,1,0
BRDA:76,6,0,0
BRDA:76,6,1,0
BRDA:77,7,0,0
BRDA:77,7,1,0
BRDA:91,8,0,0
BRDA:91,8,1,0
BRDA:93,9,0,0
BRDA:93,9,1,0
BRDA:95,10,0,0
BRDA:95,10,1,0
BRDA:95,11,0,0
BRDA:95,11,1,0
BRDA:98,12,0,0
BRDA:98,12,1,0
BRDA:108,13,0,0
BRDA:108,13,1,0
BRDA:109,14,0,0
BRDA:109,14,1,0
BRDA:109,15,0,0
BRDA:109,15,1,0
BRDA:123,16,0,0
BRDA:123,16,1,0
BRDA:125,17,0,0
BRDA:125,17,1,0
BRDA:127,18,0,0
BRDA:127,18,1,0
BRDA:127,19,0,0
BRDA:127,19,1,0
BRDA:130,20,0,0
BRDA:130,20,1,0
BRDA:138,21,0,0
BRDA:138,21,1,0
BRF:44
BRH:0
end_of_record
TN:
SF:src/screens/Report/ReportScreen.tsx
FN:12,ReportScreen
FN:15,(anonymous_1)
FN:44,(anonymous_2)
FN:50,(anonymous_3)
FN:52,(anonymous_4)
FN:53,(anonymous_5)
FN:54,(anonymous_6)
FN:100,(anonymous_7)
FN:102,(anonymous_8)
FN:103,(anonymous_9)
FN:104,(anonymous_10)
FNF:11
FNH:0
FNDA:0,ReportScreen
FNDA:0,(anonymous_1)
FNDA:0,(anonymous_2)
FNDA:0,(anonymous_3)
FNDA:0,(anonymous_4)
FNDA:0,(anonymous_5)
FNDA:0,(anonymous_6)
FNDA:0,(anonymous_7)
FNDA:0,(anonymous_8)
FNDA:0,(anonymous_9)
FNDA:0,(anonymous_10)
DA:13,0
DA:15,0
DA:16,0
DA:23,0
DA:44,0
DA:51,0
DA:52,0
DA:53,0
DA:54,0
DA:101,0
DA:102,0
DA:103,0
DA:104,0
DA:113,0
LF:14
LH:0
BRF:0
BRH:0
end_of_record
TN:
SF:src/screens/Settings/SettingsScreen.tsx
FN:14,SettingsScreen
FN:17,(anonymous_1)
FN:59,(anonymous_2)
FN:99,(anonymous_3)
FN:101,(anonymous_4)
FN:102,(anonymous_5)
FN:103,(anonymous_6)
FN:136,(anonymous_7)
FN:138,(anonymous_8)
FN:139,(anonymous_9)
FN:140,(anonymous_10)
FNF:11
FNH:0
FNDA:0,SettingsScreen
FNDA:0,(anonymous_1)
FNDA:0,(anonymous_2)
FNDA:0,(anonymous_3)
FNDA:0,(anonymous_4)
FNDA:0,(anonymous_5)
FNDA:0,(anonymous_6)
FNDA:0,(anonymous_7)
FNDA:0,(anonymous_8)
FNDA:0,(anonymous_9)
FNDA:0,(anonymous_10)
DA:15,0
DA:17,0
DA:18,0
DA:19,0
DA:20,0
DA:21,0
DA:22,0
DA:23,0
DA:24,0
DA:27,0
DA:30,0
DA:31,0
DA:32,0
DA:33,0
DA:37,0
DA:38,0
DA:39,0
DA:40,0
DA:41,0
DA:48,0
DA:49,0
DA:54,0
DA:55,0
DA:59,0
DA:61,0
DA:62,0
DA:63,0
DA:64,0
DA:67,0
DA:78,0
DA:100,0
DA:101,0
DA:102,0
DA:103,0
DA:137,0
DA:138,0
DA:139,0
DA:140,0
DA:149,0
LF:39
LH:0
BRDA:21,0,0,0
BRDA:21,0,1,0
BRDA:30,1,0,0
BRDA:30,1,1,0
BRDA:30,2,0,0
BRDA:30,2,1,0
BRDA:30,2,2,0
BRDA:39,3,0,0
BRDA:39,3,1,0
BRDA:54,4,0,0
BRDA:54,4,1,0
BRDA:55,5,0,0
BRDA:55,5,1,0
BRDA:61,6,0,0
BRDA:61,6,1,0
BRDA:63,7,0,0
BRDA:63,7,1,0
BRF:17
BRH:0
end_of_record
TN:
SF:src/screens/Trends/TrendsScreen.tsx
FN:33,rangeCutoff
FN:40,getMetricLabel
FN:53,getMetricValue
FN:60,formatShortDateLabel
FN:66,thinLabels
FN:69,(anonymous_5)
FN:72,SegButton
FN:99,LegendItem
FN:108,TooltipBox
FN:125,TrendsLineChart
FN:183,(anonymous_10)
FN:218,TrendsScreen
FN:234,(anonymous_12)
FN:238,(anonymous_13)
FN:239,(anonymous_14)
FN:241,(anonymous_15)
FN:245,(anonymous_16)
FN:250,(anonymous_17)
FN:253,(anonymous_18)
FN:258,(anonymous_19)
FN:262,(anonymous_20)
FN:267,(anonymous_21)
FN:271,(anonymous_22)
FN:276,(anonymous_23)
FN:279,(anonymous_24)
FN:284,(anonymous_25)
FN:287,(anonymous_26)
FN:292,(anonymous_27)
FN:296,(anonymous_28)
FN:301,(anonymous_29)
FN:304,(anonymous_30)
FN:309,(anonymous_31)
FN:312,(anonymous_32)
FN:317,(anonymous_33)
FN:351,(anonymous_34)
FN:351,(anonymous_35)
FN:382,(anonymous_36)
FN:388,(anonymous_37)
FN:390,(anonymous_38)
FN:391,(anonymous_39)
FN:392,(anonymous_40)
FN:403,(anonymous_41)
FN:404,(anonymous_42)
FN:405,(anonymous_43)
FN:412,(anonymous_44)
FN:413,(anonymous_45)
FN:414,(anonymous_46)
FN:415,(anonymous_47)
FN:420,(anonymous_48)
FN:421,(anonymous_49)
FN:427,(anonymous_50)
FN:428,(anonymous_51)
FN:472,(anonymous_52)
FN:474,(anonymous_53)
FN:475,(anonymous_54)
FN:476,(anonymous_55)
FNF:56
FNH:0
FNDA:0,rangeCutoff
FNDA:0,getMetricLabel
FNDA:0,getMetricValue
FNDA:0,formatShortDateLabel
FNDA:0,thinLabels
FNDA:0,(anonymous_5)
FNDA:0,SegButton
FNDA:0,LegendItem
FNDA:0,TooltipBox
FNDA:0,TrendsLineChart
FNDA:0,(anonymous_10)
FNDA:0,TrendsScreen
FNDA:0,(anonymous_12)
FNDA:0,(anonymous_13)
FNDA:0,(anonymous_14)
FNDA:0,(anonymous_15)
FNDA:0,(anonymous_16)
FNDA:0,(anonymous_17)
FNDA:0,(anonymous_18)
FNDA:0,(anonymous_19)
FNDA:0,(anonymous_20)
FNDA:0,(anonymous_21)
FNDA:0,(anonymous_22)
FNDA:0,(anonymous_23)
FNDA:0,(anonymous_24)
FNDA:0,(anonymous_25)
FNDA:0,(anonymous_26)
FNDA:0,(anonymous_27)
FNDA:0,(anonymous_28)
FNDA:0,(anonymous_29)
FNDA:0,(anonymous_30)
FNDA:0,(anonymous_31)
FNDA:0,(anonymous_32)
FNDA:0,(anonymous_33)
FNDA:0,(anonymous_34)
FNDA:0,(anonymous_35)
FNDA:0,(anonymous_36)
FNDA:0,(anonymous_37)
FNDA:0,(anonymous_38)
FNDA:0,(anonymous_39)
FNDA:0,(anonymous_40)
FNDA:0,(anonymous_41)
FNDA:0,(anonymous_42)
FNDA:0,(anonymous_43)
FNDA:0,(anonymous_44)
FNDA:0,(anonymous_45)
FNDA:0,(anonymous_46)
FNDA:0,(anonymous_47)
FNDA:0,(anonymous_48)
FNDA:0,(anonymous_49)
FNDA:0,(anonymous_50)
FNDA:0,(anonymous_51)
FNDA:0,(anonymous_52)
FNDA:0,(anonymous_53)
FNDA:0,(anonymous_54)
FNDA:0,(anonymous_55)
DA:34,0
DA:35,0
DA:36,0
DA:37,0
DA:41,0
DA:43,0
DA:45,0
DA:47,0
DA:49,0
DA:54,0
DA:55,0
DA:56,0
DA:57,0
DA:61,0
DA:63,0
DA:67,0
DA:68,0
DA:69,0
DA:81,0
DA:100,0
DA:109,0
DA:144,0
DA:184,0
DA:185,0
DA:187,0
DA:188,0
DA:189,0
DA:191,0
DA:219,0
DA:220,0
DA:221,0
DA:223,0
DA:224,0
DA:226,0
DA:227,0
DA:228,0
DA:229,0
DA:232,0
DA:234,0
DA:235,0
DA:237,0
DA:238,0
DA:239,0
DA:241,0
DA:244,0
DA:246,0
DA:247,0
DA:248,0
DA:250,0
DA:252,0
DA:254,0
DA:255,0
DA:256,0
DA:258,0
DA:261,0
DA:263,0
DA:264,0
DA:265,0
DA:267,0
DA:270,0
DA:272,0
DA:273,0
DA:274,0
DA:276,0
DA:278,0
DA:280,0
DA:281,0
DA:282,0
DA:284,0
DA:286,0
DA:288,0
DA:289,0
DA:290,0
DA:292,0
DA:295,0
DA:297,0
DA:298,0
DA:299,0
DA:301,0
DA:303,0
DA:305,0
DA:306,0
DA:307,0
DA:309,0
DA:311,0
DA:313,0
DA:314,0
DA:315,0
DA:317,0
DA:319,0
DA:320,0
DA:321,0
DA:323,0
DA:324,0
DA:325,0
DA:326,0
DA:327,0
DA:328,0
DA:329,0
DA:330,0
DA:331,0
DA:333,0
DA:334,0
DA:335,0
DA:337,0
DA:338,0
DA:339,0
DA:341,0
DA:342,0
DA:343,0
DA:347,0
DA:348,0
DA:349,0
DA:351,0
DA:352,0
DA:353,0
DA:355,0
DA:363,0
DA:382,0
DA:389,0
DA:390,0
DA:391,0
DA:392,0
DA:403,0
DA:404,0
DA:405,0
DA:412,0
DA:413,0
DA:414,0
DA:415,0
DA:420,0
DA:421,0
DA:427,0
DA:428,0
DA:473,0
DA:474,0
DA:475,0
DA:476,0
DA:484,0
LF:139
LH:0
BRDA:41,0,0,0
BRDA:41,0,1,0
BRDA:41,0,2,0
BRDA:41,0,3,0
BRDA:47,1,0,0
BRDA:47,1,1,0
BRDA:49,2,0,0
BRDA:49,2,1,0
BRDA:55,3,0,0
BRDA:55,3,1,0
BRDA:56,4,0,0
BRDA:56,4,1,0
BRDA:67,5,0,0
BRDA:67,5,1,0
BRDA:69,6,0,0
BRDA:69,6,1,0
BRDA:69,7,0,0
BRDA:69,7,1,0
BRDA:91,8,0,0
BRDA:91,8,1,0
BRDA:94,9,0,0
BRDA:94,9,1,0
BRDA:147,10,0,0
BRDA:147,10,1,0
BRDA:152,11,0,0
BRDA:152,11,1,0
BRDA:155,12,0,0
BRDA:155,12,1,0
BRDA:164,13,0,0
BRDA:164,13,1,0
BRDA:187,14,0,0
BRDA:187,14,1,0
BRDA:194,15,0,0
BRDA:194,15,1,0
BRDA:196,16,0,0
BRDA:196,16,1,0
BRDA:197,17,0,0
BRDA:197,17,1,0
BRDA:199,18,0,0
BRDA:199,18,1,0
BRDA:201,19,0,0
BRDA:201,19,1,0
BRDA:202,20,0,0
BRDA:202,20,1,0
BRDA:202,21,0,0
BRDA:202,21,1,0
BRDA:205,22,0,0
BRDA:205,22,1,0
BRDA:237,23,0,0
BRDA:237,23,1,0
BRDA:247,24,0,0
BRDA:247,24,1,0
BRDA:255,25,0,0
BRDA:255,25,1,0
BRDA:264,26,0,0
BRDA:264,26,1,0
BRDA:273,27,0,0
BRDA:273,27,1,0
BRDA:281,28,0,0
BRDA:281,28,1,0
BRDA:289,29,0,0
BRDA:289,29,1,0
BRDA:298,30,0,0
BRDA:298,30,1,0
BRDA:306,31,0,0
BRDA:306,31,1,0
BRDA:314,32,0,0
BRDA:314,32,1,0
BRDA:323,33,0,0
BRDA:323,33,1,0
BRDA:327,34,0,0
BRDA:327,34,1,0
BRDA:329,35,0,0
BRDA:329,35,1,0
BRDA:330,36,0,0
BRDA:330,36,1,0
BRDA:337,37,0,0
BRDA:337,37,1,0
BRDA:338,38,0,0
BRDA:338,38,1,0
BRDA:349,39,0,0
BRDA:349,39,1,0
BRDA:352,40,0,0
BRDA:352,40,1,0
BRDA:353,41,0,0
BRDA:353,41,1,0
BRDA:418,42,0,0
BRDA:418,42,1,0
BRDA:425,43,0,0
BRDA:425,43,1,0
BRDA:437,44,0,0
BRDA:437,44,1,0
BRDA:437,45,0,0
BRDA:437,45,1,0
BRDA:442,46,0,0
BRDA:442,46,1,0
BRDA:442,47,0,0
BRDA:442,47,1,0
BRDA:445,48,0,0
BRDA:445,48,1,0
BRDA:447,49,0,0
BRDA:447,49,1,0
BRDA:449,50,0,0
BRDA:449,50,1,0
BRDA:456,51,0,0
BRDA:456,51,1,0
BRDA:456,52,0,0
BRDA:456,52,1,0
BRF:108
BRH:0
end_of_record
TN:
SF:src/services/activities.service.ts
FN:6,requireUserId
FN:13,createActivity
FN:39,listActivities
FN:50,getLatestActivity
FNF:4
FNH:0
FNDA:0,requireUserId
FNDA:0,createActivity
FNDA:0,listActivities
FNDA:0,getLatestActivity
DA:4,0
DA:7,0
DA:8,0
DA:9,0
DA:10,0
DA:14,0
DA:16,0
DA:29,0
DA:35,0
DA:36,0
DA:40,0
DA:46,0
DA:47,0
DA:51,0
DA:57,0
DA:59,0
DA:60,0
DA:62,0
DA:63,0
LF:19
LH:0
BRDA:8,0,0,0
BRDA:8,0,1,0
BRDA:9,1,0,0
BRDA:9,1,1,0
BRDA:21,2,0,0
BRDA:21,2,1,0
BRDA:22,3,0,0
BRDA:22,3,1,0
BRDA:23,4,0,0
BRDA:23,4,1,0
BRDA:24,5,0,0
BRDA:24,5,1,0
BRDA:26,6,0,0
BRDA:26,6,1,0
BRDA:35,7,0,0
BRDA:35,7,1,0
BRDA:39,8,0,0
BRDA:46,9,0,0
BRDA:46,9,1,0
BRDA:47,10,0,0
BRDA:47,10,1,0
BRDA:57,11,0,0
BRDA:57,11,1,0
BRDA:60,12,0,0
BRDA:60,12,1,0
BRDA:62,13,0,0
BRDA:62,13,1,0
BRDA:63,14,0,0
BRDA:63,14,1,0
BRF:29
BRH:0
end_of_record
TN:
SF:src/services/events.service.ts
FN:6,requireUserId
FN:13,createEvent
FN:36,listEvents
FN:47,getLatestEvent
FNF:4
FNH:0
FNDA:0,requireUserId
FNDA:0,createEvent
FNDA:0,listEvents
FNDA:0,getLatestEvent
DA:4,0
DA:7,0
DA:8,0
DA:9,0
DA:10,0
DA:14,0
DA:16,0
DA:26,0
DA:32,0
DA:33,0
DA:37,0
DA:43,0
DA:44,0
DA:48,0
DA:54,0
DA:55,0
DA:56,0
LF:17
LH:0
BRDA:8,0,0,0
BRDA:8,0,1,0
BRDA:9,1,0,0
BRDA:9,1,1,0
BRDA:21,2,0,0
BRDA:21,2,1,0
BRDA:22,3,0,0
BRDA:22,3,1,0
BRDA:23,4,0,0
BRDA:23,4,1,0
BRDA:32,5,0,0
BRDA:32,5,1,0
BRDA:36,6,0,0
BRDA:43,7,0,0
BRDA:43,7,1,0
BRDA:44,8,0,0
BRDA:44,8,1,0
BRDA:54,9,0,0
BRDA:54,9,1,0
BRDA:55,10,0,0
BRDA:55,10,1,0
BRDA:56,11,0,0
BRDA:56,11,1,0
BRF:23
BRH:0
end_of_record
TN:
SF:src/services/supabase.ts
FNF:0
FNH:0
DA:4,0
DA:9,0
DA:10,0
DA:16,0
DA:21,0
LF:5
LH:0
BRDA:9,0,0,0
BRDA:9,0,1,0
BRDA:9,1,0,0
BRDA:9,1,1,0
BRF:4
BRH:0
end_of_record
TN:
SF:src/services/vitals.service.ts
FN:11,requireUserId
FN:18,createVitalsEntry
FN:51,listVitalsEntries
FN:62,getLatestVitalsEntry
FNF:4
FNH:2
FNDA:6,requireUserId
FNDA:6,createVitalsEntry
FNDA:0,listVitalsEntries
FNDA:0,getLatestVitalsEntry
DA:4,1
DA:12,6
DA:13,6
DA:14,4
DA:15,4
DA:19,6
DA:21,4
DA:41,4
DA:47,4
DA:48,3
DA:52,0
DA:58,0
DA:59,0
DA:63,0
DA:69,0
DA:70,0
DA:71,0
LF:17
LH:10
BRDA:13,0,0,2
BRDA:13,0,1,4
BRDA:14,1,0,0
BRDA:14,1,1,4
BRDA:25,2,0,4
BRDA:25,2,1,3
BRDA:26,3,0,4
BRDA:26,3,1,3
BRDA:27,4,0,4
BRDA:27,4,1,3
BRDA:29,5,0,4
BRDA:29,5,1,3
BRDA:30,6,0,4
BRDA:30,6,1,4
BRDA:31,7,0,4
BRDA:31,7,1,4
BRDA:33,8,0,4
BRDA:33,8,1,4
BRDA:34,9,0,4
BRDA:34,9,1,4
BRDA:35,10,0,4
BRDA:35,10,1,4
BRDA:37,11,0,4
BRDA:37,11,1,3
BRDA:38,12,0,4
BRDA:38,12,1,3
BRDA:47,13,0,1
BRDA:47,13,1,3
BRDA:51,14,0,0
BRDA:58,15,0,0
BRDA:58,15,1,0
BRDA:59,16,0,0
BRDA:59,16,1,0
BRDA:69,17,0,0
BRDA:69,17,1,0
BRDA:70,18,0,0
BRDA:70,18,1,0
BRDA:71,19,0,0
BRDA:71,19,1,0
BRF:39
BRH:27
end_of_record
TN:
SF:src/ui/Fab.tsx
FN:16,Fab
FNF:1
FNH:0
FNDA:0,Fab
DA:17,0
DA:18,0
DA:40,0
LF:3
LH:0
BRF:0
BRH:0
end_of_record
TN:
SF:src/ui/Icon.tsx
FN:14,Icon
FNF:1
FNH:0
FNDA:0,Icon
DA:21,0
LF:1
LH:0
BRDA:16,0,0,0
BRDA:17,1,0,0
BRDA:18,2,0,0
BRF:3
BRH:0
end_of_record
TN:
SF:src/ui/IconButton.tsx
FN:20,IconButton
FNF:1
FNH:0
FNDA:0,IconButton
DA:30,0
LF:1
LH:0
BRDA:23,0,0,0
BRDA:24,1,0,0
BRDA:25,2,0,0
BRDA:26,3,0,0
BRF:4
BRH:0
end_of_record
TN:
SF:src/ui/icons.tsx
FNF:0
FNH:0
DA:14,0
LF:1
LH:0
BRF:0
BRH:0
end_of_record
TN:
SF:src/ui/theme.ts
FNF:0
FNH:0
DA:3,0
LF:1
LH:0
BRF:0
BRH:0
end_of_record
